[ 2025-03-23 14:49:30,955 ] 248 django.request - WARNING - Not Found: /font.css
[ 2025-03-23 14:49:30,996 ] 248 django.request - WARNING - Not Found: /font.css
[ 2025-03-23 14:49:34,555 ] 248 django.request - WARNING - Not Found: /advertisers/view-advertisements/font.css
[ 2025-03-23 14:49:35,995 ] 248 django.request - WARNING - Not Found: /advertisers/user-details/font.css
[ 2025-03-23 14:49:44,584 ] 248 django.request - WARNING - Not Found: /advertisers/user-details/font.css
[ 2025-03-23 14:49:54,322 ] 248 django.request - WARNING - Not Found: /advertisers/user-details/font.css
[ 2025-03-23 14:49:54,475 ] 248 django.request - WARNING - Not Found: /advertisers/user-details/font.css
[ 2025-03-23 14:49:54,631 ] 248 django.request - WARNING - Not Found: /vite.svg
[ 2025-03-23 14:49:57,795 ] 248 django.request - WARNING - Not Found: /accounts/login/font.css
[ 2025-03-23 14:50:05,322 ] 248 django.request - WARNING - Not Found: /posts/font.css
[ 2025-03-23 14:50:09,219 ] 248 django.request - WARNING - Not Found: /advertisers/ad-click/2/font.css
[ 2025-03-23 14:50:12,950 ] 248 django.request - WARNING - Not Found: /advertisers/user-details/font.css
[ 2025-03-23 14:50:19,589 ] 248 django.request - WARNING - Not Found: /advertisers/user-details/font.css
[ 2025-03-23 14:50:21,869 ] 248 django.request - WARNING - Not Found: /accounts/login/font.css
[ 2025-03-23 14:50:29,769 ] 248 django.request - WARNING - Not Found: /advertisers/add-advertisement/font.css
[ 2025-03-23 14:50:31,463 ] 248 django.request - WARNING - Not Found: /advertisers/user-details/font.css
[ 2025-03-23 14:50:32,788 ] 248 django.request - WARNING - Not Found: /advertisers/view-advertisements/font.css
[ 2025-03-23 14:50:33,616 ] 248 django.request - WARNING - Not Found: /advertisers/add-advertisement/font.css
[ 2025-03-23 14:50:34,490 ] 248 django.request - WARNING - Not Found: /advertisers/view-advertisements/font.css
[ 2025-03-23 14:50:35,361 ] 248 django.request - WARNING - Not Found: /advertisers/user-details/font.css
[ 2025-03-23 14:51:07,904 ] 266 django.utils.autoreload - INFO - C:\Users\vivek\Desktop\Projects\Cyber Guardia\Cyber-Bullying-Detection\advertisers\views.py changed, reloading.
