[ 2025-03-23 18:34:29,257 ] 248 django.request - WARNING - Not Found: /font.css
[ 2025-03-23 18:34:29,337 ] 248 django.request - WARNING - Not Found: /font.css
[ 2025-03-23 18:34:29,600 ] 248 django.request - WARNING - Not Found: /vite.svg
[ 2025-03-23 18:34:46,733 ] 248 django.request - WARNING - Not Found: /posts/font.css
[ 2025-03-23 18:35:45,700 ] 248 django.request - WARNING - Not Found: /posts/font.css
[ 2025-03-23 18:36:38,347 ] 248 django.request - WARNING - Not Found: /posts/font.css
[ 2025-03-23 18:36:50,226 ] 248 django.request - WARNING - Not Found: /posts/font.css
[ 2025-03-23 18:37:20,325 ] 248 django.request - WARNING - Not Found: /posts/font.css
[ 2025-03-23 18:37:28,896 ] 248 django.request - WARNING - Not Found: /posts/font.css
[ 2025-03-23 18:37:44,447 ] 248 django.request - WARNING - Not Found: /posts/font.css
[ 2025-03-23 18:37:56,406 ] 248 django.request - WARNING - Not Found: /posts/font.css
[ 2025-03-23 18:38:18,484 ] 248 django.request - WARNING - Not Found: /posts/font.css
[ 2025-03-23 18:38:27,376 ] 248 django.request - WARNING - Not Found: /posts/font.css
[ 2025-03-23 18:38:41,269 ] 248 django.request - WARNING - Not Found: /posts/font.css
[ 2025-03-23 18:39:18,491 ] 248 django.request - WARNING - Not Found: /posts/font.css
[ 2025-03-23 18:39:23,908 ] 248 django.request - WARNING - Not Found: /posts/font.css
[ 2025-03-23 18:39:24,125 ] 248 django.request - WARNING - Not Found: /posts/font.css
[ 2025-03-23 18:39:24,231 ] 248 django.request - WARNING - Not Found: /vite.svg
[ 2025-03-23 18:39:32,756 ] 248 django.request - WARNING - Not Found: /posts/font.css
[ 2025-03-23 18:39:42,682 ] 248 django.request - WARNING - Not Found: /posts/font.css
[ 2025-03-23 18:39:59,855 ] 248 django.request - WARNING - Not Found: /posts/font.css
[ 2025-03-23 18:40:06,705 ] 248 django.request - WARNING - Not Found: /posts/font.css
[ 2025-03-23 18:40:16,604 ] 248 django.request - WARNING - Not Found: /posts/font.css
[ 2025-03-23 18:40:25,180 ] 248 django.request - WARNING - Not Found: /posts/create/font.css
[ 2025-03-23 18:40:27,595 ] 248 django.request - WARNING - Not Found: /posts/font.css
[ 2025-03-23 18:40:28,574 ] 248 django.request - WARNING - Not Found: /posts/font.css
[ 2025-03-23 18:40:51,205 ] 248 django.request - WARNING - Not Found: /posts/font.css
[ 2025-03-23 18:40:59,742 ] 248 django.request - WARNING - Not Found: /posts/font.css
[ 2025-03-23 18:41:21,336 ] 248 django.request - WARNING - Not Found: /posts/font.css
[ 2025-03-23 18:44:01,789 ] 248 django.request - WARNING - Not Found: /posts/font.css
[ 2025-03-23 18:44:04,079 ] 248 django.request - WARNING - Not Found: /edit/font.css
[ 2025-03-23 18:44:52,792 ] 248 django.request - WARNING - Not Found: /vite.svg
[ 2025-03-23 18:44:55,739 ] 248 django.request - WARNING - Not Found: /font.css
[ 2025-03-23 18:44:57,598 ] 248 django.request - WARNING - Not Found: /register/font.css
[ 2025-03-23 18:45:26,197 ] 248 django.request - WARNING - Not Found: /advertisers/register/font.css
[ 2025-03-23 18:45:36,547 ] 248 django.request - WARNING - Not Found: /advertisers/register/font.css
[ 2025-03-23 18:45:38,903 ] 248 django.request - WARNING - Not Found: /register/font.css
[ 2025-03-23 18:45:41,005 ] 248 django.request - WARNING - Not Found: /advertisers/register/font.css
[ 2025-03-23 18:46:11,655 ] 248 django.request - WARNING - Not Found: /favicon.ico
[ 2025-03-23 18:47:23,480 ] 266 django.utils.autoreload - INFO - C:\Users\vivek\Desktop\Projects\Cyber Guardia\Cyber-Bullying-Detection\accounts\forms.py changed, reloading.
