[ 2025-03-22 19:45:18,701 ] 248 django.request - WARNING - Not Found: /font.css
[ 2025-03-22 19:45:19,043 ] 248 django.request - WARNING - Not Found: /vite.svg
[ 2025-03-22 19:45:27,643 ] 248 django.request - WARNING - Not Found: /posts/create/font.css
[ 2025-03-22 19:45:29,812 ] 248 django.request - WARNING - Not Found: /posts/font.css
[ 2025-03-22 19:51:08,813 ] 248 django.request - WARNING - Not Found: /posts/assets/Images/profile-face.png
[ 2025-03-22 19:51:08,819 ] 248 django.request - WARNING - Not Found: /posts/font.css
[ 2025-03-22 19:51:43,044 ] 248 django.request - WARNING - Not Found: /posts/font.css
[ 2025-03-22 19:51:43,048 ] 248 django.request - WARNING - Not Found: /posts/assets/Images/profile-face.png
[ 2025-03-22 19:51:45,147 ] 248 django.request - WARNING - Not Found: /posts/font.css
[ 2025-03-22 19:51:45,150 ] 248 django.request - WARNING - Not Found: /posts/assets/Images/profile-face.png
[ 2025-03-22 19:51:46,143 ] 248 django.request - WARNING - Not Found: /posts/font.css
[ 2025-03-22 19:51:46,145 ] 248 django.request - WARNING - Not Found: /posts/assets/Images/profile-face.png
[ 2025-03-22 19:51:46,848 ] 248 django.request - WARNING - Not Found: /posts/font.css
[ 2025-03-22 19:51:46,851 ] 248 django.request - WARNING - Not Found: /posts/assets/Images/profile-face.png
[ 2025-03-22 19:53:03,504 ] 248 django.request - WARNING - Not Found: /posts/font.css
[ 2025-03-22 19:53:03,509 ] 248 django.request - WARNING - Not Found: /posts/assets/Images/profile-face.png
[ 2025-03-22 19:53:05,379 ] 248 django.request - WARNING - Not Found: /posts/font.css
[ 2025-03-22 19:53:05,386 ] 248 django.request - WARNING - Not Found: /posts/assets/Images/profile-face.png
[ 2025-03-22 19:53:06,408 ] 248 django.request - WARNING - Not Found: /posts/font.css
[ 2025-03-22 19:53:06,421 ] 248 django.request - WARNING - Not Found: /posts/assets/Images/profile-face.png
[ 2025-03-22 19:53:07,129 ] 248 django.request - WARNING - Not Found: /posts/font.css
[ 2025-03-22 19:53:07,138 ] 248 django.request - WARNING - Not Found: /posts/assets/Images/profile-face.png
[ 2025-03-22 19:53:08,174 ] 248 django.request - WARNING - Not Found: /posts/font.css
[ 2025-03-22 19:53:08,183 ] 248 django.request - WARNING - Not Found: /posts/assets/Images/profile-face.png
[ 2025-03-22 19:53:45,033 ] 248 django.request - WARNING - Not Found: /posts/font.css
[ 2025-03-22 19:53:45,041 ] 248 django.request - WARNING - Not Found: /posts/assets/Images/profile-face.png
[ 2025-03-22 19:56:55,981 ] 248 django.request - WARNING - Not Found: /posts/font.css
[ 2025-03-22 19:56:55,985 ] 248 django.request - WARNING - Not Found: /posts/assets/Images/profile-face.png
[ 2025-03-22 19:57:05,353 ] 248 django.request - WARNING - Not Found: /posts/font.css
[ 2025-03-22 19:57:05,361 ] 248 django.request - WARNING - Not Found: /posts/assets/Images/profile-face.png
[ 2025-03-22 19:58:22,652 ] 248 django.request - WARNING - Not Found: /posts/font.css
[ 2025-03-22 19:58:22,658 ] 248 django.request - WARNING - Not Found: /posts/assets/Images/profile-face.png
[ 2025-03-22 19:58:31,982 ] 248 django.request - WARNING - Not Found: /posts/font.css
[ 2025-03-22 19:58:31,986 ] 248 django.request - WARNING - Not Found: /posts/assets/Images/profile-face.png
[ 2025-03-22 19:58:49,334 ] 248 django.request - WARNING - Not Found: /posts/font.css
[ 2025-03-22 19:58:49,340 ] 248 django.request - WARNING - Not Found: /posts/assets/Images/profile-face.png
[ 2025-03-22 19:59:34,515 ] 266 django.utils.autoreload - INFO - C:\Users\vivek\Desktop\Projects\Cyber Guardia\Cyber-Bullying-Detection\accounts\models.py changed, reloading.
