[ 2025-03-24 15:03:02,760 ] 248 django.request - WARNING - Not Found: /font.css
[ 2025-03-24 15:03:02,805 ] 248 django.request - WARNING - Not Found: /font.css
[ 2025-03-24 15:03:03,128 ] 248 django.request - WARNING - Not Found: /vite.svg
[ 2025-03-24 15:03:11,650 ] 248 django.request - WARNING - Not Found: /posts/font.css
[ 2025-03-24 15:03:13,106 ] 248 django.request - WARNING - Not Found: /posts/create/font.css
[ 2025-03-24 15:03:25,445 ] 248 django.request - WARNING - Not Found: /posts/font.css
[ 2025-03-24 15:03:53,611 ] 248 django.request - WARNING - Not Found: /posts/font.css
[ 2025-03-24 15:03:55,173 ] 248 django.request - WARNING - Not Found: /posts/font.css
[ 2025-03-24 15:03:56,566 ] 248 django.request - WARNING - Not Found: /posts/font.css
[ 2025-03-24 15:03:58,302 ] 248 django.request - WARNING - Not Found: /posts/create/font.css
[ 2025-03-24 15:16:02,586 ] 248 django.request - WARNING - Not Found: /posts/create/font.css
[ 2025-03-24 15:16:39,118 ] 248 django.request - WARNING - Not Found: /posts/create/font.css
[ 2025-03-24 15:17:13,802 ] 248 django.request - WARNING - Not Found: /posts/create/font.css
[ 2025-03-24 15:17:23,662 ] 248 django.request - WARNING - Not Found: /posts/font.css
[ 2025-03-24 15:17:28,735 ] 248 django.request - WARNING - Not Found: /posts/create/font.css
[ 2025-03-24 15:17:37,695 ] 248 django.request - WARNING - Not Found: /posts/font.css
[ 2025-03-24 15:17:41,300 ] 248 django.request - WARNING - Not Found: /posts/create/font.css
[ 2025-03-24 15:19:09,725 ] 248 django.request - WARNING - Not Found: /posts/create/font.css
[ 2025-03-24 15:19:17,711 ] 248 django.request - WARNING - Not Found: /posts/create/font.css
[ 2025-03-24 15:20:09,203 ] 248 django.request - WARNING - Not Found: /posts/create/font.css
[ 2025-03-24 15:20:47,966 ] 248 django.request - WARNING - Not Found: /posts/create/font.css
[ 2025-03-24 15:20:54,918 ] 248 django.request - WARNING - Not Found: /accounts/login/
[ 2025-03-24 15:20:55,088 ] 248 django.request - WARNING - Not Found: /favicon.ico
[ 2025-03-24 15:21:00,488 ] 248 django.request - WARNING - Not Found: /font.css
[ 2025-03-24 15:21:00,560 ] 248 django.request - WARNING - Not Found: /font.css
[ 2025-03-24 15:21:00,707 ] 248 django.request - WARNING - Not Found: /vite.svg
[ 2025-03-24 15:21:07,330 ] 248 django.request - WARNING - Not Found: /posts/font.css
[ 2025-03-24 15:21:09,108 ] 248 django.request - WARNING - Not Found: /font.css
[ 2025-03-24 15:21:12,831 ] 248 django.request - WARNING - Not Found: /posts/create/font.css
[ 2025-03-24 15:21:26,350 ] 248 django.request - WARNING - Not Found: /posts/create/font.css
[ 2025-03-24 15:23:40,626 ] 248 django.request - WARNING - Not Found: /posts/create/font.css
[ 2025-03-24 15:26:28,041 ] 248 django.request - WARNING - Not Found: /posts/create/font.css
[ 2025-03-24 15:27:02,104 ] 248 django.request - WARNING - Not Found: /posts/create/font.css
[ 2025-03-24 15:27:02,326 ] 248 django.request - WARNING - Not Found: /posts/create/font.css
[ 2025-03-24 15:27:02,535 ] 248 django.request - WARNING - Not Found: /vite.svg
[ 2025-03-24 15:27:11,257 ] 248 django.request - WARNING - Not Found: /posts/create/font.css
[ 2025-03-24 15:27:11,454 ] 248 django.request - WARNING - Not Found: /posts/create/font.css
[ 2025-03-24 15:27:11,690 ] 248 django.request - WARNING - Not Found: /vite.svg
[ 2025-03-24 15:27:18,573 ] 248 django.request - WARNING - Not Found: /posts/create/font.css
[ 2025-03-24 15:27:18,668 ] 248 django.request - WARNING - Not Found: /posts/create/font.css
[ 2025-03-24 15:27:18,981 ] 248 django.request - WARNING - Not Found: /vite.svg
[ 2025-03-24 15:29:01,730 ] 248 django.request - WARNING - Not Found: /posts/create/font.css
[ 2025-03-24 15:29:18,066 ] 248 django.request - WARNING - Not Found: /posts/create/font.css
[ 2025-03-24 15:30:03,416 ] 248 django.request - WARNING - Not Found: /posts/create/font.css
[ 2025-03-24 15:32:10,544 ] 248 django.request - WARNING - Not Found: /posts/create/font.css
[ 2025-03-24 15:32:10,836 ] 248 django.request - WARNING - Not Found: /posts/create/font.css
[ 2025-03-24 15:32:42,977 ] 248 django.request - WARNING - Not Found: /posts/create/font.css
[ 2025-03-24 15:32:43,345 ] 248 django.request - WARNING - Not Found: /posts/create/font.css
[ 2025-03-24 15:33:59,896 ] 248 django.request - WARNING - Not Found: /posts/create/font.css
[ 2025-03-24 15:34:00,237 ] 248 django.request - WARNING - Not Found: /posts/create/font.css
[ 2025-03-24 15:34:21,899 ] 248 django.request - WARNING - Not Found: /posts/create/font.css
[ 2025-03-24 15:34:34,433 ] 248 django.request - WARNING - Not Found: /posts/font.css
[ 2025-03-24 15:34:40,934 ] 248 django.request - WARNING - Not Found: /posts/create/font.css
[ 2025-03-24 15:35:11,014 ] 248 django.request - WARNING - Not Found: /posts/create/font.css
[ 2025-03-24 15:35:16,644 ] 248 django.request - WARNING - Not Found: /profile/user/font.css
[ 2025-03-24 15:35:19,082 ] 248 django.request - WARNING - Not Found: /edit/font.css
[ 2025-03-24 15:35:24,241 ] 248 django.request - WARNING - Not Found: /profile/user/font.css
[ 2025-03-24 15:35:27,358 ] 248 django.request - WARNING - Not Found: /posts/font.css
[ 2025-03-24 15:35:37,122 ] 248 django.request - WARNING - Not Found: /posts/create/font.css
[ 2025-03-24 15:35:43,014 ] 248 django.request - WARNING - Not Found: /posts/create/font.css
[ 2025-03-24 15:35:47,403 ] 248 django.request - WARNING - Not Found: /posts/font.css
[ 2025-03-24 15:36:07,287 ] 248 django.request - WARNING - Not Found: /profile/user/font.css
[ 2025-03-24 15:36:09,551 ] 248 django.request - WARNING - Not Found: /edit/font.css
[ 2025-03-24 15:36:12,515 ] 248 django.request - WARNING - Not Found: /profile/user/font.css
[ 2025-03-24 15:36:14,922 ] 248 django.request - WARNING - Not Found: /font.css
[ 2025-03-24 15:36:22,089 ] 248 django.request - WARNING - Not Found: /font.css
[ 2025-03-24 15:36:27,526 ] 248 django.request - WARNING - Not Found: /advertisers/add-advertisement/font.css
[ 2025-03-24 15:36:31,090 ] 248 django.request - WARNING - Not Found: /advertisers/add-advertisement/font.css
[ 2025-03-24 15:36:31,790 ] 248 django.request - WARNING - Not Found: /advertisers/view-advertisements/font.css
[ 2025-03-24 15:36:32,903 ] 248 django.request - WARNING - Not Found: /advertisers/add-advertisement/font.css
[ 2025-03-24 15:36:33,554 ] 248 django.request - WARNING - Not Found: /advertisers/user-details/font.css
[ 2025-03-24 15:36:34,277 ] 248 django.request - WARNING - Not Found: /advertisers/view-advertisements/font.css
[ 2025-03-24 15:36:34,773 ] 248 django.request - WARNING - Not Found: /advertisers/add-advertisement/font.css
[ 2025-03-24 15:37:58,326 ] 248 django.request - WARNING - Not Found: /profile/usera/
[ 2025-03-24 15:37:58,370 ] 248 django.request - WARNING - Not Found: /favicon.ico
[ 2025-03-24 15:38:03,177 ] 248 django.request - WARNING - Not Found: /profile/usera/
[ 2025-03-24 15:39:19,708 ] 266 django.utils.autoreload - INFO - C:\Users\vivek\Desktop\Projects\Cyber Guardia\Cyber-Bullying-Detection\advertisers\forms.py changed, reloading.
