[ 2025-03-23 12:06:24,146 ] 248 django.request - WARNING - Not Found: /posts/font.css
[ 2025-03-23 12:06:24,190 ] 248 django.request - WARNING - Not Found: /posts/font.css
[ 2025-03-23 12:06:24,194 ] 248 django.request - WARNING - Not Found: /posts/assets/Images/pfpimg.png
[ 2025-03-23 12:06:31,337 ] 248 django.request - WARNING - Not Found: /posts/post/2/font.css
[ 2025-03-23 12:06:31,344 ] 248 django.request - WARNING - Not Found: /posts/post/2/assets/Images/pfpimg.png
[ 2025-03-23 12:07:05,631 ] 248 django.request - WARNING - Not Found: /posts/font.css
[ 2025-03-23 12:07:07,772 ] 248 django.request - WARNING - Not Found: /posts/post/2/font.css
[ 2025-03-23 12:07:07,777 ] 248 django.request - WARNING - Not Found: /posts/post/2/assets/Images/pfpimg.png
[ 2025-03-23 12:07:46,999 ] 248 django.request - WARNING - Not Found: /posts/post/2/font.css
[ 2025-03-23 12:07:46,999 ] 248 django.request - WARNING - Not Found: /posts/post/2/assets/Images/pfpimg.png
[ 2025-03-23 12:08:20,552 ] 248 django.request - WARNING - Not Found: /posts/post/2/font.css
[ 2025-03-23 12:08:20,558 ] 248 django.request - WARNING - Not Found: /posts/post/2/assets/Images/pfpimg.png
[ 2025-03-23 12:08:20,575 ] 248 django.request - WARNING - Not Found: /posts/post/2/assets/Images/pfpimg.png
[ 2025-03-23 12:08:21,328 ] 248 django.request - WARNING - Not Found: /posts/post/2/font.css
[ 2025-03-23 12:08:21,332 ] 248 django.request - WARNING - Not Found: /posts/post/2/assets/Images/pfpimg.png
[ 2025-03-23 12:08:51,066 ] 248 django.request - WARNING - Not Found: /posts/post/2/assets/Images/pfpimg.png
[ 2025-03-23 12:08:51,066 ] 248 django.request - WARNING - Not Found: /posts/post/2/font.css
[ 2025-03-23 12:08:56,332 ] 248 django.request - WARNING - Not Found: /posts/post/1/font.css
[ 2025-03-23 12:08:56,337 ] 248 django.request - WARNING - Not Found: /posts/post/1/assets/Images/pfpimg.png
[ 2025-03-23 12:09:08,642 ] 248 django.request - WARNING - Not Found: /posts/post/1/font.css
[ 2025-03-23 12:09:08,648 ] 248 django.request - WARNING - Not Found: /posts/post/1/assets/Images/pfpimg.png
[ 2025-03-23 12:09:29,865 ] 248 django.request - WARNING - Not Found: /posts/post/1/font.css
[ 2025-03-23 12:09:29,868 ] 248 django.request - WARNING - Not Found: /posts/post/1/assets/Images/pfpimg.png
[ 2025-03-23 12:31:29,107 ] 248 django.request - WARNING - Not Found: /posts/post/1/font.css
[ 2025-03-23 12:31:29,112 ] 248 django.request - WARNING - Not Found: /posts/post/1/assets/Images/pfpimg.png
[ 2025-03-23 12:31:29,123 ] 248 django.request - WARNING - Not Found: /posts/post/1/assets/Images/pfpimg.png
[ 2025-03-23 12:31:56,506 ] 248 django.request - WARNING - Not Found: /posts/post/1/assets/Images/pfpimg.png
[ 2025-03-23 12:31:56,512 ] 248 django.request - WARNING - Not Found: /posts/post/1/font.css
[ 2025-03-23 12:32:14,486 ] 248 django.request - WARNING - Not Found: /posts/post/1/font.css
[ 2025-03-23 12:32:14,491 ] 248 django.request - WARNING - Not Found: /posts/post/1/assets/Images/pfpimg.png
[ 2025-03-23 12:32:31,260 ] 248 django.request - WARNING - Not Found: /posts/post/1/font.css
[ 2025-03-23 12:32:31,264 ] 248 django.request - WARNING - Not Found: /posts/post/1/assets/Images/pfpimg.png
[ 2025-03-23 12:32:31,276 ] 248 django.request - WARNING - Not Found: /posts/post/1/assets/Images/pfpimg.png
[ 2025-03-23 12:32:42,504 ] 248 django.request - WARNING - Not Found: /posts/post/1/font.css
[ 2025-03-23 12:32:42,507 ] 248 django.request - WARNING - Not Found: /posts/post/1/assets/Images/pfpimg.png
[ 2025-03-23 12:32:43,261 ] 248 django.request - WARNING - Not Found: /posts/post/1/font.css
[ 2025-03-23 12:32:43,266 ] 248 django.request - WARNING - Not Found: /posts/post/1/assets/Images/pfpimg.png
[ 2025-03-23 12:32:48,763 ] 248 django.request - WARNING - Not Found: /posts/post/1/font.css
[ 2025-03-23 12:32:48,766 ] 248 django.request - WARNING - Not Found: /posts/post/1/assets/Images/pfpimg.png
[ 2025-03-23 12:33:02,566 ] 248 django.request - WARNING - Not Found: /posts/post/1/assets/Images/pfpimg.png
[ 2025-03-23 12:33:02,569 ] 248 django.request - WARNING - Not Found: /posts/post/1/font.css
[ 2025-03-23 12:33:03,189 ] 248 django.request - WARNING - Not Found: /posts/post/1/font.css
[ 2025-03-23 12:33:03,192 ] 248 django.request - WARNING - Not Found: /posts/post/1/assets/Images/pfpimg.png
[ 2025-03-23 12:33:03,410 ] 248 django.request - WARNING - Not Found: /posts/post/1/font.css
[ 2025-03-23 12:33:03,413 ] 248 django.request - WARNING - Not Found: /posts/post/1/assets/Images/pfpimg.png
[ 2025-03-23 12:33:10,647 ] 248 django.request - WARNING - Not Found: /posts/post/1/font.css
[ 2025-03-23 12:33:10,652 ] 248 django.request - WARNING - Not Found: /posts/post/1/assets/Images/pfpimg.png
[ 2025-03-23 12:33:11,412 ] 248 django.request - WARNING - Not Found: /posts/post/1/font.css
[ 2025-03-23 12:33:11,422 ] 248 django.request - WARNING - Not Found: /posts/post/1/assets/Images/pfpimg.png
[ 2025-03-23 12:33:18,517 ] 248 django.request - WARNING - Not Found: /posts/post/1/font.css
[ 2025-03-23 12:33:18,520 ] 248 django.request - WARNING - Not Found: /posts/post/1/assets/Images/pfpimg.png
[ 2025-03-23 12:33:18,534 ] 248 django.request - WARNING - Not Found: /posts/post/1/assets/Images/pfpimg.png
[ 2025-03-23 12:33:19,180 ] 248 django.request - WARNING - Not Found: /posts/post/1/font.css
[ 2025-03-23 12:33:19,183 ] 248 django.request - WARNING - Not Found: /posts/post/1/assets/Images/pfpimg.png
[ 2025-03-23 12:33:35,952 ] 248 django.request - WARNING - Not Found: /posts/post/1/font.css
[ 2025-03-23 12:33:35,955 ] 248 django.request - WARNING - Not Found: /posts/post/1/assets/Images/pfpimg.png
[ 2025-03-23 12:35:27,167 ] 248 django.request - ERROR - Internal Server Error: /posts/post/1/
Traceback (most recent call last):
  File "C:\Users\vivek\AppData\Local\Programs\Python\Python310\lib\site-packages\django\core\handlers\exception.py", line 55, in inner
    response = get_response(request)
  File "C:\Users\vivek\AppData\Local\Programs\Python\Python310\lib\site-packages\django\core\handlers\base.py", line 197, in _get_response
    response = wrapped_callback(request, *callback_args, **callback_kwargs)
  File "C:\Users\vivek\Desktop\Projects\Cyber Guardia\Cyber-Bullying-Detection\posts\views.py", line 46, in post_details
    return render(request, "posts/post_details.html", {"post": post})
  File "C:\Users\vivek\AppData\Local\Programs\Python\Python310\lib\site-packages\django\shortcuts.py", line 25, in render
    content = loader.render_to_string(template_name, context, request, using=using)
  File "C:\Users\vivek\AppData\Local\Programs\Python\Python310\lib\site-packages\django\template\loader.py", line 61, in render_to_string
    template = get_template(template_name, using=using)
  File "C:\Users\vivek\AppData\Local\Programs\Python\Python310\lib\site-packages\django\template\loader.py", line 15, in get_template
    return engine.get_template(template_name)
  File "C:\Users\vivek\AppData\Local\Programs\Python\Python310\lib\site-packages\django\template\backends\django.py", line 79, in get_template
    return Template(self.engine.get_template(template_name), self)
  File "C:\Users\vivek\AppData\Local\Programs\Python\Python310\lib\site-packages\django\template\engine.py", line 177, in get_template
    template, origin = self.find_template(template_name)
  File "C:\Users\vivek\AppData\Local\Programs\Python\Python310\lib\site-packages\django\template\engine.py", line 159, in find_template
    template = loader.get_template(name, skip=skip)
  File "C:\Users\vivek\AppData\Local\Programs\Python\Python310\lib\site-packages\django\template\loaders\cached.py", line 57, in get_template
    template = super().get_template(template_name, skip)
  File "C:\Users\vivek\AppData\Local\Programs\Python\Python310\lib\site-packages\django\template\loaders\base.py", line 28, in get_template
    return Template(
  File "C:\Users\vivek\AppData\Local\Programs\Python\Python310\lib\site-packages\django\template\base.py", line 154, in __init__
    self.nodelist = self.compile_nodelist()
  File "C:\Users\vivek\AppData\Local\Programs\Python\Python310\lib\site-packages\django\template\base.py", line 196, in compile_nodelist
    nodelist = parser.parse()
  File "C:\Users\vivek\AppData\Local\Programs\Python\Python310\lib\site-packages\django\template\base.py", line 518, in parse
    raise self.error(token, e)
  File "C:\Users\vivek\AppData\Local\Programs\Python\Python310\lib\site-packages\django\template\base.py", line 516, in parse
    compiled_result = compile_func(self, token)
  File "C:\Users\vivek\AppData\Local\Programs\Python\Python310\lib\site-packages\django\template\loader_tags.py", line 295, in do_extends
    nodelist = parser.parse()
  File "C:\Users\vivek\AppData\Local\Programs\Python\Python310\lib\site-packages\django\template\base.py", line 518, in parse
    raise self.error(token, e)
  File "C:\Users\vivek\AppData\Local\Programs\Python\Python310\lib\site-packages\django\template\base.py", line 516, in parse
    compiled_result = compile_func(self, token)
  File "C:\Users\vivek\AppData\Local\Programs\Python\Python310\lib\site-packages\django\template\loader_tags.py", line 234, in do_block
    nodelist = parser.parse(("endblock",))
  File "C:\Users\vivek\AppData\Local\Programs\Python\Python310\lib\site-packages\django\template\base.py", line 518, in parse
    raise self.error(token, e)
  File "C:\Users\vivek\AppData\Local\Programs\Python\Python310\lib\site-packages\django\template\base.py", line 516, in parse
    compiled_result = compile_func(self, token)
  File "C:\Users\vivek\AppData\Local\Programs\Python\Python310\lib\site-packages\django\template\loader_tags.py", line 228, in do_block
    raise TemplateSyntaxError(
django.template.exceptions.TemplateSyntaxError: 'block' tag with name 'content' appears more than once
[ 2025-03-23 12:35:32,128 ] 248 django.request - WARNING - Not Found: /posts/post/1/font.css
[ 2025-03-23 12:35:32,131 ] 248 django.request - WARNING - Not Found: /posts/post/1/assets/Images/pfpimg.png
[ 2025-03-23 12:36:16,606 ] 248 django.request - WARNING - Not Found: /posts/post/1/font.css
[ 2025-03-23 12:36:16,612 ] 248 django.request - WARNING - Not Found: /posts/post/1/assets/Images/pfpimg.png
[ 2025-03-23 12:36:28,562 ] 248 django.request - WARNING - Not Found: /posts/post/1/assets/Images/pfpimg.png
[ 2025-03-23 12:36:37,949 ] 248 django.request - WARNING - Not Found: /posts/post/1/assets/Images/pfpimg.png
[ 2025-03-23 12:36:37,958 ] 248 django.request - WARNING - Not Found: /posts/post/1/font.css
[ 2025-03-23 12:36:37,966 ] 248 django.request - WARNING - Not Found: /posts/post/1/assets/Images/pfpimg.png
[ 2025-03-23 12:36:55,595 ] 248 django.request - WARNING - Not Found: /posts/post/1/font.css
[ 2025-03-23 12:36:55,597 ] 248 django.request - WARNING - Not Found: /posts/post/1/assets/Images/pfpimg.png
[ 2025-03-23 12:37:18,065 ] 248 django.request - WARNING - Not Found: /posts/post/1/font.css
[ 2025-03-23 12:37:18,069 ] 248 django.request - WARNING - Not Found: /posts/post/1/assets/Images/pfpimg.png
[ 2025-03-23 12:37:45,985 ] 248 django.request - WARNING - Not Found: /posts/post/1/font.css
[ 2025-03-23 12:37:45,989 ] 248 django.request - WARNING - Not Found: /posts/post/1/assets/Images/pfpimg.png
[ 2025-03-23 12:38:07,740 ] 248 django.request - WARNING - Not Found: /posts/post/1/font.css
[ 2025-03-23 12:38:07,746 ] 248 django.request - WARNING - Not Found: /posts/post/1/assets/Images/pfpimg.png
[ 2025-03-23 12:38:49,456 ] 248 django.request - WARNING - Not Found: /posts/post/1/font.css
[ 2025-03-23 12:38:49,460 ] 248 django.request - WARNING - Not Found: /posts/post/1/assets/Images/pfpimg.png
[ 2025-03-23 12:38:56,796 ] 248 django.request - WARNING - Not Found: /posts/post/1/assets/Images/pfpimg.png
[ 2025-03-23 12:38:56,802 ] 248 django.request - WARNING - Not Found: /posts/post/1/font.css
[ 2025-03-23 12:39:02,143 ] 248 django.request - WARNING - Not Found: /posts/font.css
[ 2025-03-23 12:39:03,773 ] 248 django.request - WARNING - Not Found: /posts/post/1/font.css
[ 2025-03-23 12:39:03,779 ] 248 django.request - WARNING - Not Found: /posts/post/1/assets/Images/pfpimg.png
[ 2025-03-23 12:39:05,610 ] 248 django.request - WARNING - Not Found: /posts/post/1/assets/Images/pfpimg.png
[ 2025-03-23 12:39:05,618 ] 248 django.request - WARNING - Not Found: /posts/post/1/font.css
[ 2025-03-23 12:39:10,024 ] 248 django.request - WARNING - Not Found: /posts/font.css
[ 2025-03-23 12:39:11,875 ] 248 django.request - WARNING - Not Found: /posts/post/1/font.css
[ 2025-03-23 12:39:11,881 ] 248 django.request - WARNING - Not Found: /posts/post/1/assets/Images/pfpimg.png
[ 2025-03-23 12:39:18,293 ] 248 django.request - WARNING - Not Found: /posts/post/2/font.css
[ 2025-03-23 12:39:18,299 ] 248 django.request - WARNING - Not Found: /posts/post/2/assets/Images/pfpimg.png
[ 2025-03-23 12:39:22,132 ] 248 django.request - WARNING - Not Found: /posts/post/2/font.css
[ 2025-03-23 12:39:22,140 ] 248 django.request - WARNING - Not Found: /posts/post/2/assets/Images/pfpimg.png
[ 2025-03-23 12:39:37,834 ] 248 django.request - WARNING - Not Found: /posts/font.css
[ 2025-03-23 12:39:42,405 ] 248 django.request - WARNING - Not Found: /posts/post/1/font.css
[ 2025-03-23 12:39:42,412 ] 248 django.request - WARNING - Not Found: /posts/post/1/assets/Images/pfpimg.png
[ 2025-03-23 12:39:49,024 ] 248 django.request - WARNING - Not Found: /posts/font.css
[ 2025-03-23 12:39:51,589 ] 248 django.request - WARNING - Not Found: /posts/post/1/font.css
[ 2025-03-23 12:39:51,596 ] 248 django.request - WARNING - Not Found: /posts/post/1/assets/Images/pfpimg.png
[ 2025-03-23 12:39:59,161 ] 248 django.request - WARNING - Not Found: /posts/post/1/font.css
[ 2025-03-23 12:39:59,165 ] 248 django.request - WARNING - Not Found: /posts/post/1/assets/Images/pfpimg.png
[ 2025-03-23 12:40:02,868 ] 248 django.request - WARNING - Not Found: /posts/post/1/assets/Images/pfpimg.png
[ 2025-03-23 12:40:02,877 ] 248 django.request - WARNING - Not Found: /posts/post/1/font.css
[ 2025-03-23 12:40:18,547 ] 248 django.request - WARNING - Not Found: /posts/post/2/font.css
[ 2025-03-23 12:40:18,551 ] 248 django.request - WARNING - Not Found: /posts/post/2/assets/Images/pfpimg.png
[ 2025-03-23 12:40:22,059 ] 248 django.request - WARNING - Not Found: /posts/post/2/assets/Images/pfpimg.png
[ 2025-03-23 12:40:22,066 ] 248 django.request - WARNING - Not Found: /posts/post/2/font.css
[ 2025-03-23 12:40:52,991 ] 248 django.request - WARNING - Not Found: /posts/font.css
[ 2025-03-23 12:40:54,101 ] 248 django.request - WARNING - Not Found: /posts/post/2/font.css
[ 2025-03-23 12:40:54,107 ] 248 django.request - WARNING - Not Found: /posts/post/2/assets/Images/pfpimg.png
[ 2025-03-23 12:40:56,973 ] 248 django.request - WARNING - Not Found: /posts/post/2/font.css
[ 2025-03-23 12:40:56,980 ] 248 django.request - WARNING - Not Found: /posts/post/2/assets/Images/pfpimg.png
[ 2025-03-23 12:41:01,631 ] 248 django.request - WARNING - Not Found: /posts/post/1/font.css
[ 2025-03-23 12:41:01,647 ] 248 django.request - WARNING - Not Found: /posts/post/1/assets/Images/pfpimg.png
[ 2025-03-23 12:41:04,425 ] 248 django.request - WARNING - Not Found: /posts/post/1/font.css
[ 2025-03-23 12:41:04,431 ] 248 django.request - WARNING - Not Found: /posts/post/1/assets/Images/pfpimg.png
[ 2025-03-23 12:41:06,398 ] 248 django.request - WARNING - Not Found: /posts/post/1/font.css
[ 2025-03-23 12:41:06,407 ] 248 django.request - WARNING - Not Found: /posts/post/1/assets/Images/pfpimg.png
[ 2025-03-23 12:41:08,549 ] 248 django.request - WARNING - Not Found: /posts/post/1/assets/Images/pfpimg.png
[ 2025-03-23 12:41:08,555 ] 248 django.request - WARNING - Not Found: /posts/post/1/font.css
[ 2025-03-23 12:41:15,616 ] 248 django.request - WARNING - Not Found: /posts/font.css
[ 2025-03-23 12:41:16,944 ] 248 django.request - WARNING - Not Found: /posts/post/1/font.css
[ 2025-03-23 12:41:16,952 ] 248 django.request - WARNING - Not Found: /posts/post/1/assets/Images/pfpimg.png
[ 2025-03-23 12:41:19,119 ] 248 django.request - WARNING - Not Found: /posts/post/1/assets/Images/pfpimg.png
[ 2025-03-23 12:41:19,123 ] 248 django.request - WARNING - Not Found: /posts/post/1/font.css
[ 2025-03-23 12:41:20,821 ] 248 django.request - WARNING - Not Found: /posts/post/1/font.css
[ 2025-03-23 12:41:20,829 ] 248 django.request - WARNING - Not Found: /posts/post/1/assets/Images/pfpimg.png
[ 2025-03-23 12:42:11,720 ] 248 django.request - WARNING - Not Found: /posts/post/1/assets/Images/pfpimg.png
[ 2025-03-23 12:42:11,720 ] 248 django.request - WARNING - Not Found: /posts/post/1/font.css
[ 2025-03-23 12:42:18,137 ] 248 django.request - WARNING - Not Found: /posts/post/1/font.css
[ 2025-03-23 12:42:18,154 ] 248 django.request - WARNING - Not Found: /posts/post/1/assets/Images/pfpimg.png
[ 2025-03-23 12:42:25,878 ] 248 django.request - WARNING - Not Found: /posts/post/1/font.css
[ 2025-03-23 12:42:25,887 ] 248 django.request - WARNING - Not Found: /posts/post/1/assets/Images/pfpimg.png
[ 2025-03-23 12:43:36,067 ] 266 django.utils.autoreload - INFO - C:\Users\vivek\Desktop\Projects\Cyber Guardia\Cyber-Bullying-Detection\posts\views.py changed, reloading.
