[ 2025-03-22 20:00:14,712 ] 248 django.request - WARNING - Not Found: /favicon.ico
[ 2025-03-22 20:00:54,461 ] 248 django.request - WARNING - Not Found: /posts/font.css
[ 2025-03-22 20:00:55,326 ] 248 django.request - WARNING - Not Found: /posts/font.css
[ 2025-03-22 20:01:08,045 ] 248 django.request - WARNING - Not Found: /posts/font.css
[ 2025-03-22 20:01:08,872 ] 248 django.request - WARNING - Not Found: /posts/font.css
[ 2025-03-22 20:01:25,440 ] 248 django.request - WARNING - Not Found: /posts/font.css
[ 2025-03-22 20:01:35,100 ] 248 django.request - WARNING - Not Found: /posts/font.css
[ 2025-03-22 20:01:35,825 ] 248 django.request - WARNING - Not Found: /posts/font.css
[ 2025-03-22 20:01:52,097 ] 248 django.request - WARNING - Not Found: /posts/font.css
[ 2025-03-22 20:03:49,729 ] 248 django.request - WARNING - Not Found: /posts/font.css
[ 2025-03-22 20:04:27,277 ] 248 django.request - WARNING - Not Found: /posts/font.css
[ 2025-03-22 20:04:59,363 ] 248 django.request - WARNING - Not Found: /posts/font.css
[ 2025-03-22 20:05:11,218 ] 248 django.request - WARNING - Not Found: /posts/font.css
[ 2025-03-22 20:05:21,402 ] 248 django.request - WARNING - Not Found: /posts/font.css
[ 2025-03-22 20:05:30,690 ] 248 django.request - WARNING - Not Found: /posts/font.css
[ 2025-03-22 20:05:51,903 ] 248 django.request - WARNING - Not Found: /posts/font.css
[ 2025-03-22 20:06:12,664 ] 248 django.request - WARNING - Not Found: /posts/font.css
[ 2025-03-22 20:06:22,305 ] 248 django.request - WARNING - Not Found: /posts/font.css
[ 2025-03-22 20:06:33,473 ] 248 django.request - WARNING - Not Found: /posts/font.css
[ 2025-03-22 20:06:35,747 ] 248 django.request - WARNING - Not Found: /accounts/login/font.css
[ 2025-03-22 20:06:49,919 ] 248 django.request - WARNING - Not Found: /admin_panel/dashboard/font.css
[ 2025-03-22 20:07:00,252 ] 248 django.request - WARNING - Not Found: /accounts/login/font.css
[ 2025-03-22 20:07:13,323 ] 248 django.request - WARNING - Not Found: /advertisers/add-advertisement/font.css
[ 2025-03-22 20:07:18,100 ] 248 django.request - WARNING - Not Found: /advertisers/view-advertisements/font.css
[ 2025-03-22 20:07:21,023 ] 248 django.request - WARNING - Not Found: /accounts/login/font.css
[ 2025-03-22 20:07:26,760 ] 248 django.request - WARNING - Not Found: /posts/font.css
[ 2025-03-22 20:20:53,405 ] 248 django.request - WARNING - Not Found: /posts/font.css
[ 2025-03-22 20:20:57,444 ] 248 django.request - WARNING - Not Found: /posts/font.css
[ 2025-03-22 20:20:57,653 ] 248 django.request - WARNING - Not Found: /posts/font.css
[ 2025-03-22 20:21:14,355 ] 248 django.request - WARNING - Not Found: /posts/font.css
[ 2025-03-22 20:21:15,695 ] 248 django.request - WARNING - Not Found: /posts/font.css
[ 2025-03-22 20:21:20,756 ] 248 django.request - WARNING - Not Found: /posts/font.css
[ 2025-03-22 21:15:25,441 ] 266 django.utils.autoreload - INFO - C:\Users\vivek\Desktop\Projects\Cyber Guardia\Cyber-Bullying-Detection\posts\models.py changed, reloading.
