[ 2025-03-24 12:31:32,403 ] 248 django.request - WARNING - Not Found: /font.css
[ 2025-03-24 12:31:32,457 ] 248 django.request - WARNING - Not Found: /font.css
[ 2025-03-24 12:31:32,828 ] 248 django.request - WARNING - Not Found: /vite.svg
[ 2025-03-24 12:31:45,925 ] 248 django.request - WARNING - Not Found: /font.css
[ 2025-03-24 12:31:52,776 ] 248 django.request - WARNING - Not Found: /posts/font.css
[ 2025-03-24 12:32:45,040 ] 248 django.request - WARNING - Not Found: /advertisers/ad-click/2/font.css
[ 2025-03-24 12:34:54,900 ] 248 django.request - WARNING - Not Found: /font.css
[ 2025-03-24 12:34:54,942 ] 248 django.request - WARNING - Not Found: /font.css
[ 2025-03-24 12:34:59,719 ] 248 django.request - WARNING - Not Found: /posts/create/font.css
[ 2025-03-24 12:51:25,816 ] 248 django.request - WARNING - Not Found: /posts/font.css
[ 2025-03-24 12:51:28,778 ] 248 django.request - WARNING - Not Found: /posts/font.css
[ 2025-03-24 12:51:29,964 ] 248 django.request - WARNING - Not Found: /advertisers/ad-click/2/font.css
[ 2025-03-24 12:51:38,594 ] 248 django.request - WARNING - Not Found: /posts/font.css
[ 2025-03-24 12:51:40,612 ] 248 django.request - WARNING - Not Found: /posts/font.css
[ 2025-03-24 12:51:51,075 ] 248 django.request - WARNING - Not Found: /posts/post/2/font.css
[ 2025-03-24 12:52:09,509 ] 248 django.request - WARNING - Not Found: /font.css
[ 2025-03-24 12:52:15,114 ] 248 django.request - WARNING - Not Found: /font.css
[ 2025-03-24 12:52:23,224 ] 248 django.request - WARNING - Not Found: /posts/font.css
[ 2025-03-24 12:52:27,380 ] 248 django.request - WARNING - Not Found: /posts/post/2/font.css
[ 2025-03-24 12:53:04,240 ] 248 django.request - WARNING - Not Found: /font.css
[ 2025-03-24 12:53:06,561 ] 248 django.request - WARNING - Not Found: /font.css
