[ 2025-03-22 13:47:19,806 ] 248 django.request - WARNING - Not Found: /posts/font.css
[ 2025-03-22 13:47:24,328 ] 248 django.request - WARNING - Not Found: /posts/font.css
[ 2025-03-22 13:48:17,095 ] 248 django.request - WARNING - Not Found: /admin-panel/
[ 2025-03-22 13:48:17,221 ] 248 django.request - WARNING - Not Found: /favicon.ico
[ 2025-03-22 13:49:22,007 ] 248 django.request - WARNING - Not Found: /posts/create/font.css
[ 2025-03-22 13:49:24,379 ] 248 django.request - WARNING - Not Found: /posts/font.css
[ 2025-03-22 13:49:30,326 ] 248 django.request - WARNING - Not Found: /posts/font.css
[ 2025-03-22 13:55:52,794 ] 248 django.request - WARNING - Not Found: /posts/font.css
[ 2025-03-22 13:56:01,436 ] 248 django.request - ERROR - Internal Server Error: /advertisers/ad-click/2/
Traceback (most recent call last):
  File "C:\Users\vivek\AppData\Local\Programs\Python\Python310\lib\site-packages\django\core\handlers\exception.py", line 55, in inner
    response = get_response(request)
  File "C:\Users\vivek\AppData\Local\Programs\Python\Python310\lib\site-packages\django\core\handlers\base.py", line 197, in _get_response
    response = wrapped_callback(request, *callback_args, **callback_kwargs)
  File "C:\Users\vivek\Desktop\Projects\Cyber Guardia\Cyber-Bullying-Detection\advertisers\views.py", line 92, in ad_click
    return render(request, "ads/ad_warning.html", {"ad": ad, "result": result})
  File "C:\Users\vivek\AppData\Local\Programs\Python\Python310\lib\site-packages\django\shortcuts.py", line 25, in render
    content = loader.render_to_string(template_name, context, request, using=using)
  File "C:\Users\vivek\AppData\Local\Programs\Python\Python310\lib\site-packages\django\template\loader.py", line 61, in render_to_string
    template = get_template(template_name, using=using)
  File "C:\Users\vivek\AppData\Local\Programs\Python\Python310\lib\site-packages\django\template\loader.py", line 19, in get_template
    raise TemplateDoesNotExist(template_name, chain=chain)
django.template.exceptions.TemplateDoesNotExist: ads/ad_warning.html
[ 2025-03-22 13:56:32,655 ] 266 django.utils.autoreload - INFO - C:\Users\vivek\Desktop\Projects\Cyber Guardia\Cyber-Bullying-Detection\advertisers\views.py changed, reloading.
