[ 2025-03-24 21:02:27,343 ] 248 django.request - WARNING - Not Found: /font.css
[ 2025-03-24 21:02:27,387 ] 248 django.request - WARNING - Not Found: /font.css
[ 2025-03-24 21:02:27,913 ] 248 django.request - WARNING - Not Found: /vite.svg
[ 2025-03-24 21:02:32,378 ] 248 django.request - WARNING - Not Found: /font.css
[ 2025-03-24 21:02:34,646 ] 248 django.request - WARNING - Not Found: /advertisers/view-advertisements/font.css
[ 2025-03-24 21:02:36,110 ] 248 django.request - WARNING - Not Found: /advertisers/add-advertisement/font.css
[ 2025-03-24 21:04:25,507 ] 248 django.request - WARNING - Not Found: /advertisers/add-advertisement/font.css
[ 2025-03-24 21:04:33,197 ] 248 django.request - WARNING - Not Found: /advertisers/add-advertisement/font.css
[ 2025-03-24 21:05:27,830 ] 248 django.request - WARNING - Not Found: /advertisers/add-advertisement/font.css
[ 2025-03-24 21:05:29,038 ] 248 django.request - WARNING - Not Found: /advertisers/view-advertisements/font.css
[ 2025-03-24 21:06:41,841 ] 248 django.request - WARNING - Not Found: /advertisers/view-advertisements/font.css
[ 2025-03-24 21:06:43,120 ] 248 django.request - WARNING - Not Found: /advertisers/user-details/font.css
[ 2025-03-24 21:06:47,046 ] 248 django.request - WARNING - Not Found: /advertisers/add-advertisement/font.css
[ 2025-03-24 21:06:47,781 ] 248 django.request - WARNING - Not Found: /advertisers/view-advertisements/font.css
[ 2025-03-24 21:06:49,519 ] 248 django.request - WARNING - Not Found: /advertisers/user-details/font.css
[ 2025-03-24 21:08:45,342 ] 248 django.request - WARNING - Not Found: /advertisers/user-details/font.css
[ 2025-03-24 21:13:26,273 ] 248 django.request - WARNING - Not Found: /advertisers/user-details/font.css
[ 2025-03-24 21:13:26,986 ] 248 django.request - WARNING - Not Found: /advertisers/user-details/font.css
[ 2025-03-24 21:13:38,648 ] 248 django.request - WARNING - Not Found: /advertisers/user-details/font.css
[ 2025-03-24 21:16:47,132 ] 248 django.request - WARNING - Not Found: /advertisers/user-details/font.css
[ 2025-03-24 21:16:52,814 ] 248 django.request - WARNING - Not Found: /advertisers/user-details/font.css
[ 2025-03-24 21:16:55,997 ] 248 django.request - WARNING - Not Found: /advertisers/user-details/font.css
[ 2025-03-24 21:17:01,728 ] 248 django.request - WARNING - Not Found: /advertisers/add-advertisement/font.css
[ 2025-03-24 21:17:03,917 ] 248 django.request - WARNING - Not Found: /advertisers/view-advertisements/font.css
[ 2025-03-24 21:17:11,848 ] 248 django.request - WARNING - Not Found: /advertisers/user-details/font.css
[ 2025-03-24 21:17:15,691 ] 248 django.request - WARNING - Not Found: /advertisers/add-advertisement/font.css
[ 2025-03-24 21:17:38,205 ] 248 django.request - WARNING - Not Found: /advertisers/profile/usera/font.css
[ 2025-03-24 21:18:06,145 ] 248 django.request - WARNING - Not Found: /advertisers/edit/font.css
[ 2025-03-24 21:18:09,357 ] 248 django.request - WARNING - Not Found: /advertisers/profile/usera/font.css
[ 2025-03-24 21:18:18,188 ] 248 django.request - WARNING - Not Found: /advertisers/profile/usera/font.css
[ 2025-03-24 21:18:26,324 ] 248 django.request - WARNING - Not Found: /advertisers/profile/usera/font.css
[ 2025-03-24 21:18:32,655 ] 248 django.request - WARNING - Not Found: /advertisers/profile/usera/font.css
[ 2025-03-24 21:18:35,657 ] 248 django.request - WARNING - Not Found: /advertisers/add-advertisement/font.css
[ 2025-03-24 21:18:37,979 ] 248 django.request - WARNING - Not Found: /advertisers/user-details/font.css
[ 2025-03-24 21:18:41,297 ] 248 django.request - WARNING - Not Found: /advertisers/user-details/font.css
[ 2025-03-24 21:18:43,219 ] 248 django.request - WARNING - Not Found: /advertisers/add-advertisement/font.css
[ 2025-03-24 21:18:45,282 ] 248 django.request - WARNING - Not Found: /font.css
[ 2025-03-24 21:18:49,656 ] 248 django.request - WARNING - Not Found: /posts/font.css
[ 2025-03-24 21:19:01,817 ] 248 django.request - WARNING - Not Found: /posts/post/6/font.css
[ 2025-03-24 21:19:51,928 ] 248 django.request - WARNING - Not Found: /posts/font.css
[ 2025-03-24 21:19:58,415 ] 248 django.request - WARNING - Not Found: /profile/user/font.css
[ 2025-03-24 21:20:00,259 ] 248 django.request - WARNING - Not Found: /edit/font.css
[ 2025-03-24 21:20:07,291 ] 248 django.request - WARNING - Not Found: /profile/user/font.css
[ 2025-03-24 21:20:10,529 ] 248 django.request - WARNING - Not Found: /font.css
[ 2025-03-24 21:20:15,611 ] 248 django.request - WARNING - Not Found: /advertisers/add-advertisement/font.css
[ 2025-03-24 21:20:39,428 ] 248 django.request - WARNING - Not Found: /advertisers/profile/usera/font.css
[ 2025-03-24 21:21:01,432 ] 248 django.request - WARNING - Not Found: /advertisers/add-advertisement/font.css
[ 2025-03-24 21:21:19,436 ] 248 django.request - WARNING - Not Found: /advertisers/add-advertisement/font.css
[ 2025-03-24 21:21:28,447 ] 248 django.request - WARNING - Not Found: /advertisers/add-advertisement/font.css
[ 2025-03-24 21:21:45,481 ] 248 django.request - WARNING - Not Found: /advertisers/add-advertisement/font.css
[ 2025-03-24 21:26:17,158 ] 248 django.request - WARNING - Not Found: /advertisers/user-details/font.css
[ 2025-03-24 21:26:18,293 ] 248 django.request - WARNING - Not Found: /advertisers/view-advertisements/font.css
[ 2025-03-24 21:26:18,988 ] 248 django.request - WARNING - Not Found: /advertisers/add-advertisement/font.css
[ 2025-03-24 21:26:20,998 ] 248 django.request - WARNING - Not Found: /font.css
[ 2025-03-24 21:26:27,677 ] 248 django.request - WARNING - Not Found: /admin_panel/dashboard/font.css
[ 2025-03-24 21:26:30,244 ] 248 django.request - WARNING - Not Found: /admin_panel/users/font.css
[ 2025-03-24 21:26:32,982 ] 248 django.request - WARNING - Not Found: /admin_panel/user-profile-adminuser/font.css
[ 2025-03-24 21:26:36,624 ] 248 django.request - WARNING - Not Found: /admin_panel/users/font.css
[ 2025-03-24 21:26:37,570 ] 248 django.request - WARNING - Not Found: /admin_panel/users/font.css
[ 2025-03-24 21:26:39,649 ] 248 django.request - WARNING - Not Found: /admin_panel/dashboard/font.css
[ 2025-03-24 21:26:40,480 ] 248 django.request - WARNING - Not Found: /admin_panel/posts/font.css
[ 2025-03-24 21:26:43,652 ] 248 django.request - WARNING - Not Found: /admin_panel/posts/font.css
[ 2025-03-24 21:26:47,368 ] 248 django.request - WARNING - Not Found: /admin_panel/posts/font.css
[ 2025-03-24 21:26:50,682 ] 248 django.request - WARNING - Not Found: /admin_panel/posts/font.css
[ 2025-03-24 21:26:52,139 ] 248 django.request - WARNING - Not Found: /admin_panel/dashboard/font.css
[ 2025-03-24 21:26:53,031 ] 248 django.request - WARNING - Not Found: /admin_panel/abusive_comments/font.css
[ 2025-03-24 21:26:55,633 ] 248 django.request - WARNING - Not Found: /admin_panel/dashboard/font.css
[ 2025-03-24 21:27:01,659 ] 248 django.request - WARNING - Not Found: /font.css
