[ 2025-03-23 13:32:15,316 ] 248 django.request - WARNING - Not Found: /posts/post/1/font.css
[ 2025-03-23 13:32:18,517 ] 248 django.request - WARNING - Not Found: /comment/1/
[ 2025-03-23 13:32:19,704 ] 248 django.request - WARNING - Not Found: /comment/1/
[ 2025-03-23 13:32:20,026 ] 248 django.request - WARNING - Not Found: /comment/1/
[ 2025-03-23 13:32:22,290 ] 248 django.request - WARNING - Not Found: /comment/1/
[ 2025-03-23 13:32:22,632 ] 248 django.request - WARNING - Not Found: /comment/1/
[ 2025-03-23 13:32:50,521 ] 248 django.request - WARNING - Not Found: /posts/post/1/font.css
[ 2025-03-23 13:32:55,802 ] 248 django.request - WARNING - Not Found: /posts/post/1/font.css
[ 2025-03-23 13:32:59,105 ] 248 django.request - WARNING - Not Found: /posts/font.css
[ 2025-03-23 13:33:02,492 ] 248 django.request - WARNING - Not Found: /posts/post/1/font.css
[ 2025-03-23 13:33:04,891 ] 248 django.request - WARNING - Not Found: /posts/post/1/font.css
[ 2025-03-23 13:33:08,652 ] 248 django.request - WARNING - Not Found: /comment/1/
[ 2025-03-23 13:33:09,496 ] 248 django.request - WARNING - Not Found: /comment/1/
[ 2025-03-23 13:33:10,051 ] 248 django.request - WARNING - Not Found: /comment/1/
[ 2025-03-23 13:35:38,694 ] 248 django.request - WARNING - Not Found: /posts/post/1/font.css
[ 2025-03-23 13:35:41,240 ] 248 django.request - WARNING - Not Found: /posts/post/1/font.css
[ 2025-03-23 13:35:45,221 ] 248 django.request - WARNING - Not Found: /posts/post/2/font.css
[ 2025-03-23 13:37:59,789 ] 248 django.request - WARNING - Not Found: /posts/post/2/font.css
[ 2025-03-23 13:39:05,739 ] 248 django.request - WARNING - Not Found: /posts/post/2/font.css
[ 2025-03-23 13:39:08,203 ] 248 django.request - WARNING - Not Found: /posts/post/2/font.css
[ 2025-03-23 13:39:56,453 ] 248 django.request - WARNING - Not Found: /posts/post/2/font.css
[ 2025-03-23 13:40:10,095 ] 248 django.request - WARNING - Not Found: /posts/post/2/font.css
[ 2025-03-23 13:40:12,587 ] 248 django.request - WARNING - Not Found: /posts/post/2/font.css
[ 2025-03-23 13:40:17,720 ] 248 django.request - WARNING - Not Found: /posts/post/2/font.css
[ 2025-03-23 13:40:24,064 ] 248 django.request - WARNING - Not Found: /posts/post/2/font.css
[ 2025-03-23 13:40:36,446 ] 248 django.request - WARNING - Not Found: /posts/post/2/font.css
[ 2025-03-23 13:40:38,825 ] 248 django.request - WARNING - Not Found: /posts/post/2/font.css
[ 2025-03-23 13:40:51,347 ] 248 django.request - WARNING - Not Found: /posts/post/2/font.css
[ 2025-03-23 13:40:54,202 ] 248 django.request - WARNING - Not Found: /posts/post/2/font.css
[ 2025-03-23 13:40:58,387 ] 248 django.request - WARNING - Not Found: /posts/post/2/font.css
[ 2025-03-23 13:41:18,617 ] 248 django.request - WARNING - Not Found: /posts/post/2/font.css
[ 2025-03-23 13:41:26,424 ] 248 django.request - WARNING - Not Found: /posts/post/2/font.css
[ 2025-03-23 13:41:28,264 ] 248 django.request - WARNING - Not Found: /posts/font.css
[ 2025-03-23 13:41:29,908 ] 248 django.request - WARNING - Not Found: /posts/post/2/font.css
[ 2025-03-23 13:41:43,178 ] 248 django.request - WARNING - Not Found: /posts/post/1/font.css
[ 2025-03-23 13:42:16,627 ] 248 django.request - WARNING - Not Found: /posts/post/1/font.css
[ 2025-03-23 13:42:54,867 ] 248 django.request - WARNING - Not Found: /posts/post/1/font.css
[ 2025-03-23 13:42:59,594 ] 248 django.request - WARNING - Not Found: /posts/post/1/font.css
[ 2025-03-23 13:43:06,410 ] 248 django.request - WARNING - Not Found: /posts/post/1/font.css
[ 2025-03-23 13:43:11,357 ] 248 django.request - WARNING - Not Found: /posts/post/1/font.css
[ 2025-03-23 13:43:17,587 ] 248 django.request - WARNING - Not Found: /posts/post/1/font.css
[ 2025-03-23 13:43:22,327 ] 248 django.request - WARNING - Not Found: /posts/post/1/font.css
[ 2025-03-23 13:43:26,607 ] 248 django.request - WARNING - Not Found: /posts/post/1/font.css
[ 2025-03-23 13:44:08,369 ] 248 django.request - WARNING - Not Found: /posts/post/1/font.css
[ 2025-03-23 14:15:58,930 ] 248 django.request - WARNING - Not Found: /posts/post/1/font.css
[ 2025-03-23 14:16:05,427 ] 248 django.request - WARNING - Not Found: /posts/post/1/font.css
[ 2025-03-23 14:16:14,118 ] 248 django.request - WARNING - Not Found: /posts/post/1/font.css
[ 2025-03-23 14:16:22,451 ] 248 django.request - WARNING - Not Found: /posts/post/1/font.css
[ 2025-03-23 14:16:42,100 ] 248 django.request - WARNING - Not Found: /posts/post/1/font.css
[ 2025-03-23 14:16:50,163 ] 248 django.request - WARNING - Not Found: /posts/post/1/font.css
[ 2025-03-23 14:17:33,779 ] 248 django.request - WARNING - Not Found: /posts/post/1/font.css
[ 2025-03-23 14:19:47,280 ] 248 django.request - WARNING - Not Found: /posts/post/1/font.css
[ 2025-03-23 14:19:51,988 ] 248 django.request - WARNING - Not Found: /posts/post/1/font.css
[ 2025-03-23 14:19:57,558 ] 248 django.request - WARNING - Not Found: /posts/post/1/font.css
[ 2025-03-23 14:20:08,414 ] 248 django.request - WARNING - Not Found: /posts/post/1/font.css
[ 2025-03-23 14:21:59,928 ] 248 django.request - WARNING - Not Found: /posts/post/1/font.css
[ 2025-03-23 14:22:05,368 ] 248 django.request - WARNING - Not Found: /posts/font.css
[ 2025-03-23 14:22:07,880 ] 248 django.request - WARNING - Not Found: /posts/post/2/font.css
[ 2025-03-23 14:22:10,482 ] 248 django.request - WARNING - Not Found: /posts/post/1/font.css
[ 2025-03-23 14:22:13,210 ] 248 django.request - WARNING - Not Found: /posts/post/1/undefined
[ 2025-03-23 14:37:10,531 ] 248 django.request - WARNING - Not Found: /posts/post/1/undefined
[ 2025-03-23 14:37:42,881 ] 248 django.request - WARNING - Not Found: /posts/post/1/undefined
[ 2025-03-23 14:38:19,020 ] 248 django.request - WARNING - Not Found: /posts/post/1/font.css
[ 2025-03-23 14:39:28,019 ] 248 django.request - WARNING - Not Found: /posts/post/1/undefined
[ 2025-03-23 14:39:30,358 ] 248 django.request - WARNING - Not Found: /posts/post/1/font.css
[ 2025-03-23 14:40:49,379 ] 248 django.request - WARNING - Not Found: /posts/post/1/font.css
[ 2025-03-23 14:40:53,310 ] 248 django.request - WARNING - Not Found: /posts/post/1/font.css
[ 2025-03-23 14:41:07,425 ] 248 django.request - WARNING - Not Found: /posts/post/1/font.css
[ 2025-03-23 14:41:15,568 ] 248 django.request - WARNING - Not Found: /posts/post/1/font.css
[ 2025-03-23 14:41:19,113 ] 248 django.request - WARNING - Not Found: /posts/post/2/font.css
[ 2025-03-23 14:41:23,513 ] 248 django.request - WARNING - Not Found: /posts/post/2/undefined
[ 2025-03-23 14:41:26,016 ] 248 django.request - WARNING - Not Found: /posts/post/2/font.css
[ 2025-03-23 14:41:30,669 ] 248 django.request - WARNING - Not Found: /posts/post/2/undefined
[ 2025-03-23 14:41:40,806 ] 248 django.request - WARNING - Not Found: /posts/post/2/font.css
[ 2025-03-23 14:44:18,754 ] 266 django.utils.autoreload - INFO - C:\Users\vivek\Desktop\Projects\Cyber Guardia\Cyber-Bullying-Detection\posts\views.py changed, reloading.
