[ 2025-03-22 18:07:16,191 ] 248 django.request - WARNING - Not Found: /posts/font.css
[ 2025-03-22 18:07:17,976 ] 248 django.request - WARNING - Not Found: /posts/font.css
[ 2025-03-22 18:07:19,077 ] 248 django.request - WARNING - Not Found: /posts/font.css
[ 2025-03-22 18:07:26,431 ] 248 django.request - WARNING - Not Found: /posts/font.css
[ 2025-03-22 18:07:52,135 ] 248 django.request - WARNING - Not Found: /advertisers/view-advertisements/font.css
[ 2025-03-22 18:08:07,777 ] 248 django.request - WARNING - Not Found: /posts/font.css
[ 2025-03-22 18:08:33,843 ] 248 django.request - WARNING - Not Found: /posts/font.css
[ 2025-03-22 18:08:34,978 ] 248 django.request - WARNING - Not Found: /posts/font.css
[ 2025-03-22 18:08:46,940 ] 248 django.request - WARNING - Not Found: /advertisers/ad-click/2/font.css
[ 2025-03-22 18:08:46,969 ] 248 django.request - WARNING - Not Found: /advertisers/ad-click/2/font.css
[ 2025-03-22 18:09:06,919 ] 248 django.request - WARNING - Not Found: /advertisers/ad-click/2/font.css
[ 2025-03-22 18:09:12,175 ] 248 django.request - WARNING - Not Found: /posts/font.css
[ 2025-03-22 18:09:14,306 ] 248 django.request - WARNING - Not Found: /advertisers/ad-click/2/font.css
[ 2025-03-22 18:09:14,331 ] 248 django.request - WARNING - Not Found: /advertisers/ad-click/2/font.css
[ 2025-03-22 18:09:29,601 ] 248 django.request - WARNING - Not Found: /posts/font.css
[ 2025-03-22 18:09:48,105 ] 248 django.request - WARNING - Not Found: /posts/font.css
[ 2025-03-22 18:09:50,499 ] 248 django.request - WARNING - Not Found: /posts/font.css
[ 2025-03-22 18:09:53,740 ] 248 django.request - WARNING - Not Found: /advertisers/ad-click/2/font.css
[ 2025-03-22 18:09:53,765 ] 248 django.request - WARNING - Not Found: /advertisers/ad-click/2/font.css
[ 2025-03-22 18:10:06,762 ] 248 django.request - WARNING - Not Found: /posts/font.css
[ 2025-03-22 18:10:09,124 ] 248 django.request - WARNING - Not Found: /advertisers/ad-click/2/font.css
[ 2025-03-22 18:10:09,151 ] 248 django.request - WARNING - Not Found: /advertisers/ad-click/2/font.css
[ 2025-03-22 18:36:10,292 ] 248 django.request - WARNING - Not Found: /posts/font.css
[ 2025-03-22 18:36:12,140 ] 248 django.request - WARNING - Not Found: /posts/font.css
[ 2025-03-22 18:36:14,133 ] 248 django.request - WARNING - Not Found: /posts/font.css
[ 2025-03-22 18:36:16,811 ] 248 django.request - WARNING - Not Found: /advertisers/ad-click/2/font.css
[ 2025-03-22 18:36:16,836 ] 248 django.request - WARNING - Not Found: /advertisers/ad-click/2/font.css
[ 2025-03-22 18:36:18,249 ] 248 django.request - WARNING - Not Found: /posts/font.css
[ 2025-03-22 18:36:25,691 ] 248 django.request - WARNING - Not Found: /posts/font.css
[ 2025-03-22 18:36:27,552 ] 248 django.request - WARNING - Not Found: /advertisers/ad-click/2/font.css
[ 2025-03-22 18:36:27,577 ] 248 django.request - WARNING - Not Found: /advertisers/ad-click/2/font.css
[ 2025-03-22 18:36:29,622 ] 248 django.request - WARNING - Not Found: /posts/font.css
[ 2025-03-22 18:38:10,433 ] 248 django.request - WARNING - Not Found: /posts/font.css
[ 2025-03-22 18:38:12,166 ] 248 django.request - ERROR - Internal Server Error: /advertisers/ad-click/2/
Traceback (most recent call last):
  File "C:\Users\vivek\AppData\Local\Programs\Python\Python310\lib\site-packages\django\core\handlers\exception.py", line 55, in inner
    response = get_response(request)
  File "C:\Users\vivek\AppData\Local\Programs\Python\Python310\lib\site-packages\django\core\handlers\base.py", line 197, in _get_response
    response = wrapped_callback(request, *callback_args, **callback_kwargs)
  File "C:\Users\vivek\AppData\Local\Programs\Python\Python310\lib\site-packages\django\views\decorators\cache.py", line 80, in _view_wrapper
    response = view_func(request, *args, **kwargs)
  File "C:\Users\vivek\AppData\Local\Programs\Python\Python310\lib\site-packages\django\contrib\auth\decorators.py", line 60, in _view_wrapper
    return view_func(request, *args, **kwargs)
  File "C:\Users\vivek\Desktop\Projects\Cyber Guardia\Cyber-Bullying-Detection\advertisers\views.py", line 96, in ad_click
    return render(request, "posts/ad_warning.html", {"ad": ad, "result": result})
  File "C:\Users\vivek\AppData\Local\Programs\Python\Python310\lib\site-packages\django\shortcuts.py", line 25, in render
    content = loader.render_to_string(template_name, context, request, using=using)
  File "C:\Users\vivek\AppData\Local\Programs\Python\Python310\lib\site-packages\django\template\loader.py", line 62, in render_to_string
    return template.render(context, request)
  File "C:\Users\vivek\AppData\Local\Programs\Python\Python310\lib\site-packages\django\template\backends\django.py", line 107, in render
    return self.template.render(context)
  File "C:\Users\vivek\AppData\Local\Programs\Python\Python310\lib\site-packages\django\template\base.py", line 171, in render
    return self._render(context)
  File "C:\Users\vivek\AppData\Local\Programs\Python\Python310\lib\site-packages\django\template\base.py", line 163, in _render
    return self.nodelist.render(context)
  File "C:\Users\vivek\AppData\Local\Programs\Python\Python310\lib\site-packages\django\template\base.py", line 1008, in render
    return SafeString("".join([node.render_annotated(context) for node in self]))
  File "C:\Users\vivek\AppData\Local\Programs\Python\Python310\lib\site-packages\django\template\base.py", line 1008, in <listcomp>
    return SafeString("".join([node.render_annotated(context) for node in self]))
  File "C:\Users\vivek\AppData\Local\Programs\Python\Python310\lib\site-packages\django\template\base.py", line 969, in render_annotated
    return self.render(context)
  File "C:\Users\vivek\AppData\Local\Programs\Python\Python310\lib\site-packages\django\template\loader_tags.py", line 159, in render
    return compiled_parent._render(context)
  File "C:\Users\vivek\AppData\Local\Programs\Python\Python310\lib\site-packages\django\template\base.py", line 163, in _render
    return self.nodelist.render(context)
  File "C:\Users\vivek\AppData\Local\Programs\Python\Python310\lib\site-packages\django\template\base.py", line 1008, in render
    return SafeString("".join([node.render_annotated(context) for node in self]))
  File "C:\Users\vivek\AppData\Local\Programs\Python\Python310\lib\site-packages\django\template\base.py", line 1008, in <listcomp>
    return SafeString("".join([node.render_annotated(context) for node in self]))
  File "C:\Users\vivek\AppData\Local\Programs\Python\Python310\lib\site-packages\django\template\base.py", line 969, in render_annotated
    return self.render(context)
  File "C:\Users\vivek\AppData\Local\Programs\Python\Python310\lib\site-packages\django\template\loader_tags.py", line 65, in render
    result = block.nodelist.render(context)
  File "C:\Users\vivek\AppData\Local\Programs\Python\Python310\lib\site-packages\django\template\base.py", line 1008, in render
    return SafeString("".join([node.render_annotated(context) for node in self]))
  File "C:\Users\vivek\AppData\Local\Programs\Python\Python310\lib\site-packages\django\template\base.py", line 1008, in <listcomp>
    return SafeString("".join([node.render_annotated(context) for node in self]))
  File "C:\Users\vivek\AppData\Local\Programs\Python\Python310\lib\site-packages\django\template\base.py", line 969, in render_annotated
    return self.render(context)
  File "C:\Users\vivek\AppData\Local\Programs\Python\Python310\lib\site-packages\django\template\defaulttags.py", line 480, in render
    url = reverse(view_name, args=args, kwargs=kwargs, current_app=current_app)
  File "C:\Users\vivek\AppData\Local\Programs\Python\Python310\lib\site-packages\django\urls\base.py", line 88, in reverse
    return resolver._reverse_with_prefix(view, prefix, *args, **kwargs)
  File "C:\Users\vivek\AppData\Local\Programs\Python\Python310\lib\site-packages\django\urls\resolvers.py", line 831, in _reverse_with_prefix
    raise NoReverseMatch(msg)
django.urls.exceptions.NoReverseMatch: Reverse for 'visit_anyway' not found. 'visit_anyway' is not a valid view function or pattern name.
[ 2025-03-22 18:38:42,661 ] 266 django.utils.autoreload - INFO - C:\Users\vivek\Desktop\Projects\Cyber Guardia\Cyber-Bullying-Detection\advertisers\views.py changed, reloading.
