[ 2025-04-08 10:21:18,555 ] 248 django.request - WARNING - Not Found: /font.css
[ 2025-04-08 10:21:18,903 ] 248 django.request - WARNING - Not Found: /font.css
[ 2025-04-08 10:21:19,202 ] 248 django.request - WARNING - Not Found: /vite.svg
[ 2025-04-08 10:21:21,921 ] 248 django.request - WARNING - Not Found: /font.css
[ 2025-04-08 10:21:22,119 ] 248 django.request - WARNING - Not Found: /font.css
[ 2025-04-08 10:21:22,412 ] 248 django.request - WARNING - Not Found: /vite.svg
[ 2025-04-08 10:21:29,452 ] 248 django.request - WARNING - Not Found: /font.css
[ 2025-04-08 10:21:35,434 ] 248 django.request - WARNING - Not Found: /posts/font.css
[ 2025-04-08 10:21:41,528 ] 248 django.request - WARNING - Not Found: /posts/post/3/font.css
[ 2025-04-08 10:21:48,392 ] 248 django.request - WARNING - Not Found: /posts/post/2/font.css
[ 2025-04-08 10:21:59,275 ] 248 django.request - WARNING - Not Found: /advertisers/ad-click/2/font.css
[ 2025-04-08 10:22:03,930 ] 248 django.request - WARNING - Not Found: /posts/font.css
[ 2025-04-08 10:22:07,721 ] 248 django.request - WARNING - Not Found: /posts/font.css
[ 2025-04-08 10:22:09,922 ] 248 django.request - WARNING - Not Found: /profile/user/font.css
[ 2025-04-08 10:22:11,517 ] 248 django.request - WARNING - Not Found: /edit/font.css
[ 2025-04-08 10:22:13,576 ] 248 django.request - WARNING - Not Found: /profile/user/font.css
[ 2025-04-08 10:22:16,476 ] 248 django.request - WARNING - Not Found: /font.css
[ 2025-04-08 10:22:21,497 ] 248 django.request - WARNING - Not Found: /advertisers/register/font.css
[ 2025-04-08 10:22:24,582 ] 248 django.request - WARNING - Not Found: /font.css
[ 2025-04-08 10:22:30,774 ] 248 django.request - WARNING - Not Found: /font.css
[ 2025-04-08 10:22:36,229 ] 248 django.request - WARNING - Not Found: /advertisers/add-advertisement/font.css
[ 2025-04-08 10:22:38,591 ] 248 django.request - WARNING - Not Found: /advertisers/add-advertisement/font.css
[ 2025-04-08 10:22:42,180 ] 248 django.request - WARNING - Not Found: /advertisers/view-advertisements/font.css
[ 2025-04-08 10:22:43,825 ] 248 django.request - WARNING - Not Found: /advertisers/user-details/font.css
[ 2025-04-08 10:22:47,147 ] 248 django.request - WARNING - Not Found: /advertisers/view-advertisements/font.css
[ 2025-04-08 10:22:48,023 ] 248 django.request - WARNING - Not Found: /advertisers/user-details/font.css
[ 2025-04-08 10:22:50,350 ] 248 django.request - WARNING - Not Found: /font.css
[ 2025-04-08 10:22:56,758 ] 248 django.request - WARNING - Not Found: /as
[ 2025-04-08 10:22:56,895 ] 248 django.request - WARNING - Not Found: /favicon.ico
[ 2025-04-08 10:23:27,255 ] 248 django.request - WARNING - Not Found: /font.css
[ 2025-04-08 10:23:27,288 ] 248 django.request - WARNING - Not Found: /font.css
[ 2025-04-08 10:23:34,755 ] 248 django.request - WARNING - Not Found: /advertisers/add-advertisement/font.css
[ 2025-04-08 10:23:36,477 ] 248 django.request - WARNING - Not Found: /advertisers/view-advertisements/font.css
[ 2025-04-08 10:23:51,023 ] 248 django.request - WARNING - Not Found: /advertisers/user-details/font.css
[ 2025-04-08 10:29:30,259 ] 248 django.request - WARNING - Not Found: /font.css
[ 2025-04-08 10:29:34,221 ] 248 django.request - WARNING - Not Found: /admin_panel/dashboard/font.css
[ 2025-04-08 10:29:37,780 ] 248 django.request - WARNING - Not Found: /admin_panel/posts/font.css
[ 2025-04-08 10:29:41,000 ] 248 django.request - WARNING - Not Found: /admin_panel/dashboard/font.css
[ 2025-04-08 10:29:42,020 ] 248 django.request - WARNING - Not Found: /admin_panel/users/font.css
[ 2025-04-08 10:29:46,500 ] 248 django.request - WARNING - Not Found: /admin_panel/dashboard/font.css
[ 2025-04-08 10:29:47,448 ] 248 django.request - WARNING - Not Found: /admin_panel/abusive_comments/font.css
[ 2025-04-08 10:29:51,415 ] 248 django.request - WARNING - Not Found: /admin_panel/dashboard/font.css
[ 2025-04-08 10:30:18,913 ] 248 django.request - WARNING - Not Found: /font.css
[ 2025-04-08 10:36:51,559 ] 248 django.request - WARNING - Not Found: /posts/font.css
[ 2025-04-08 10:36:57,216 ] 248 django.request - WARNING - Not Found: /posts/post/1/font.css
[ 2025-04-08 10:37:23,983 ] 248 django.request - WARNING - Not Found: /posts/create/font.css
[ 2025-04-08 10:37:57,807 ] 248 django.request - WARNING - Not Found: /posts/font.css
[ 2025-04-08 10:38:18,399 ] 248 django.request - WARNING - Not Found: /posts/post/7/font.css
[ 2025-04-08 10:39:56,896 ] 248 django.request - WARNING - Not Found: /posts/post/7/font.css
[ 2025-04-08 10:40:05,460 ] 248 django.request - WARNING - Not Found: /posts/post/7/font.css
[ 2025-04-08 10:40:15,027 ] 248 django.request - WARNING - Not Found: /font.css
[ 2025-04-08 10:41:29,755 ] 248 django.request - WARNING - Not Found: /posts/font.css
[ 2025-04-08 10:41:40,737 ] 248 django.request - WARNING - Not Found: /posts/post/7/font.css
[ 2025-04-08 10:41:56,307 ] 248 django.request - WARNING - Not Found: /posts/font.css
[ 2025-04-08 10:41:58,269 ] 248 django.request - WARNING - Not Found: /posts/font.css
[ 2025-04-08 10:41:59,077 ] 248 django.request - WARNING - Not Found: /posts/font.css
[ 2025-04-08 10:42:28,056 ] 248 django.request - WARNING - Not Found: /posts/font.css
[ 2025-04-08 10:42:30,296 ] 248 django.request - WARNING - Not Found: /posts/font.css
[ 2025-04-08 10:42:31,496 ] 248 django.request - WARNING - Not Found: /advertisers/ad-click/2/font.css
[ 2025-04-08 10:42:47,205 ] 248 django.request - WARNING - Not Found: /posts/font.css
[ 2025-04-08 10:42:49,313 ] 248 django.request - WARNING - Not Found: /posts/create/font.css
[ 2025-04-08 10:43:13,036 ] 248 django.request - WARNING - Not Found: /font.css
[ 2025-04-08 10:43:19,291 ] 248 django.request - WARNING - Not Found: /advertisers/add-advertisement/font.css
[ 2025-04-08 10:43:23,727 ] 248 django.request - WARNING - Not Found: /advertisers/view-advertisements/font.css
[ 2025-04-08 10:43:24,679 ] 248 django.request - WARNING - Not Found: /advertisers/user-details/font.css
[ 2025-04-08 10:43:26,364 ] 248 django.request - WARNING - Not Found: /advertisers/view-advertisements/font.css
[ 2025-04-08 10:43:28,314 ] 248 django.request - WARNING - Not Found: /advertisers/user-details/font.css
[ 2025-04-08 10:43:30,642 ] 248 django.request - WARNING - Not Found: /font.css
[ 2025-04-08 10:43:40,332 ] 248 django.request - WARNING - Not Found: /advertisers/add-advertisement/font.css
[ 2025-04-08 10:43:41,867 ] 248 django.request - WARNING - Not Found: /advertisers/view-advertisements/font.css
[ 2025-04-08 10:43:46,028 ] 248 django.request - WARNING - Not Found: /advertisers/user-details/font.css
[ 2025-04-08 10:44:19,404 ] 248 django.request - WARNING - Not Found: /font.css
[ 2025-04-08 10:44:39,926 ] 248 django.request - WARNING - Not Found: /forgot-password/font.css
[ 2025-04-08 10:45:23,664 ] 248 django.request - WARNING - Not Found: /font.css
[ 2025-04-08 10:45:23,694 ] 248 django.request - WARNING - Not Found: /font.css
[ 2025-04-08 10:45:25,428 ] 248 django.request - WARNING - Not Found: /forgot-password/font.css
[ 2025-04-08 10:45:35,086 ] 248 django.request - WARNING - Not Found: /verify-otp/font.css
[ 2025-04-08 10:45:55,002 ] 248 django.request - WARNING - Not Found: /reset-password/font.css
[ 2025-04-08 10:46:00,090 ] 248 django.request - WARNING - Not Found: /font.css
[ 2025-04-08 10:46:07,406 ] 248 django.request - WARNING - Not Found: /posts/font.css
[ 2025-04-08 10:46:17,627 ] 248 django.request - WARNING - Not Found: /font.css
[ 2025-04-08 10:46:48,728 ] 248 django.request - WARNING - Not Found: /admin_panel/dashboard/font.css
[ 2025-04-08 10:46:55,024 ] 248 django.request - WARNING - Not Found: /admin_panel/users/font.css
[ 2025-04-08 10:46:59,046 ] 248 django.request - WARNING - Not Found: /admin_panel/user-profile-adminuser/font.css
[ 2025-04-08 10:47:01,780 ] 248 django.request - WARNING - Not Found: /admin_panel/posts/font.css
[ 2025-04-08 10:47:05,340 ] 248 django.request - WARNING - Not Found: /admin_panel/dashboard/font.css
[ 2025-04-08 10:47:06,216 ] 248 django.request - WARNING - Not Found: /admin_panel/abusive_comments/font.css
[ 2025-04-08 10:47:18,017 ] 248 django.request - WARNING - Not Found: /admin_panel/dashboard/font.css
[ 2025-04-08 10:47:24,124 ] 248 django.request - WARNING - Not Found: /font.css
[ 2025-04-08 10:47:25,999 ] 248 django.request - WARNING - Not Found: /advertisers/register/font.css
[ 2025-04-08 10:47:53,791 ] 248 django.request - WARNING - Not Found: /advertisers/register/font.css
[ 2025-04-08 10:49:53,705 ] 248 django.request - WARNING - Not Found: /register/font.css
[ 2025-04-08 10:50:23,836 ] 248 django.request - WARNING - Not Found: /register/font.css
[ 2025-04-08 10:50:34,485 ] 248 django.request - WARNING - Not Found: /register/font.css
[ 2025-04-08 10:51:22,975 ] 248 django.request - WARNING - Not Found: /register/font.css
[ 2025-04-08 10:51:33,047 ] 248 django.request - WARNING - Not Found: /register/font.css
[ 2025-04-08 10:51:42,824 ] 248 django.request - WARNING - Not Found: /register/font.css
[ 2025-04-08 10:51:45,641 ] 248 django.request - WARNING - Not Found: /advertisers/register/font.css
[ 2025-04-08 10:51:58,822 ] 248 django.request - WARNING - Not Found: /register/font.css
[ 2025-04-08 10:52:02,398 ] 248 django.request - WARNING - Not Found: /advertisers/register/font.css
[ 2025-04-08 10:52:09,905 ] 248 django.request - WARNING - Not Found: /font.css
[ 2025-04-08 10:52:18,986 ] 248 django.request - WARNING - Not Found: /register/font.css
[ 2025-04-08 10:52:24,217 ] 248 django.request - WARNING - Not Found: /font.css
[ 2025-04-08 10:52:40,754 ] 248 django.request - WARNING - Not Found: /advertisers/register/font.css
[ 2025-04-08 10:53:47,846 ] 248 django.request - WARNING - Not Found: /font.css
[ 2025-04-08 10:54:01,946 ] 248 django.request - WARNING - Not Found: /advertisers/add-advertisement/font.css
[ 2025-04-08 10:54:14,972 ] 248 django.request - WARNING - Not Found: /advertisers/add-advertisement/font.css
[ 2025-04-08 10:54:17,265 ] 248 django.request - WARNING - Not Found: /advertisers/view-advertisements/font.css
[ 2025-04-08 10:54:18,878 ] 248 django.request - WARNING - Not Found: /advertisers/user-details/font.css
[ 2025-04-08 10:54:20,691 ] 248 django.request - WARNING - Not Found: /advertisers/add-advertisement/font.css
[ 2025-04-08 10:55:26,000 ] 248 django.request - WARNING - Not Found: /advertisers/user-details/font.css
[ 2025-04-08 10:55:30,260 ] 248 django.request - WARNING - Not Found: /advertisers/view-advertisements/font.css
[ 2025-04-08 10:55:33,774 ] 248 django.request - WARNING - Not Found: /advertisers/add-advertisement/font.css
[ 2025-04-08 10:57:10,165 ] 248 django.request - WARNING - Not Found: /font.css
[ 2025-04-08 10:57:26,726 ] 248 django.request - WARNING - Not Found: /admin_panel/dashboard/font.css
[ 2025-04-08 11:07:00,423 ] 248 django.request - WARNING - Not Found: /font.css
[ 2025-04-08 11:07:00,485 ] 248 django.request - WARNING - Not Found: /font.css
[ 2025-04-08 11:07:19,379 ] 248 django.request - WARNING - Not Found: /advertisers/add-advertisement/font.css
[ 2025-04-08 11:07:39,599 ] 248 django.request - WARNING - Not Found: /advertisers/user-details/font.css
[ 2025-04-08 11:07:40,563 ] 248 django.request - WARNING - Not Found: /advertisers/view-advertisements/font.css
[ 2025-04-08 11:07:41,547 ] 248 django.request - WARNING - Not Found: /advertisers/user-details/font.css
[ 2025-04-08 11:07:44,650 ] 248 django.request - WARNING - Not Found: /advertisers/add-advertisement/font.css
[ 2025-04-08 11:08:01,511 ] 248 django.request - WARNING - Not Found: /advertisers/user-details/font.css
[ 2025-04-08 11:08:13,654 ] 248 django.request - WARNING - Not Found: /advertisers/add-advertisement/font.css
[ 2025-04-08 11:14:35,009 ] 248 django.request - WARNING - Not Found: /advertisers/add-advertisement/font.css
[ 2025-04-08 11:14:37,720 ] 248 django.request - WARNING - Not Found: /advertisers/view-advertisements/font.css
[ 2025-04-08 11:14:47,065 ] 248 django.request - WARNING - Not Found: /font.css
[ 2025-04-08 11:14:58,941 ] 248 django.request - WARNING - Not Found: /font.css
[ 2025-04-08 11:15:06,695 ] 248 django.request - WARNING - Not Found: /register/font.css
[ 2025-04-08 11:16:07,901 ] 248 django.request - WARNING - Not Found: /register/font.css
[ 2025-04-08 11:17:17,356 ] 248 django.request - WARNING - Not Found: /register/font.css
[ 2025-04-08 11:18:19,924 ] 248 django.request - WARNING - Not Found: /font.css
[ 2025-04-08 11:18:38,914 ] 248 django.request - WARNING - Not Found: /posts/font.css
[ 2025-04-08 11:18:45,421 ] 248 django.request - WARNING - Not Found: /posts/font.css
[ 2025-04-08 11:18:57,004 ] 248 django.request - WARNING - Not Found: /posts/font.css
[ 2025-04-08 11:19:03,896 ] 248 django.request - WARNING - Not Found: /profile/xyz/font.css
[ 2025-04-08 11:19:09,442 ] 248 django.request - WARNING - Not Found: /edit/font.css
[ 2025-04-08 11:19:19,532 ] 248 django.request - WARNING - Not Found: /profile/xyz/font.css
[ 2025-04-08 11:19:27,257 ] 248 django.request - WARNING - Not Found: /posts/create/font.css
[ 2025-04-08 11:19:28,762 ] 248 django.request - WARNING - Not Found: /posts/font.css
[ 2025-04-08 11:19:35,336 ] 248 django.request - WARNING - Not Found: /posts/font.css
[ 2025-04-08 11:19:56,425 ] 248 django.request - WARNING - Not Found: /font.css
[ 2025-04-08 11:20:08,252 ] 248 django.request - WARNING - Not Found: /posts/font.css
[ 2025-04-08 11:20:12,977 ] 248 django.request - WARNING - Not Found: /advertisers/ad-click/3/font.css
[ 2025-04-08 11:20:14,944 ] 248 django.request - WARNING - Not Found: /posts/font.css
[ 2025-04-08 11:21:10,300 ] 248 django.request - WARNING - Not Found: /favicon.ico
[ 2025-04-08 11:22:30,244 ] 248 django.request - WARNING - Not Found: /font.css
[ 2025-04-08 11:22:39,883 ] 248 django.request - WARNING - Not Found: /posts/font.css
[ 2025-04-08 11:23:08,486 ] 248 django.request - WARNING - Not Found: /font.css
[ 2025-04-08 11:23:14,589 ] 248 django.request - WARNING - Not Found: /advertisers/add-advertisement/font.css
[ 2025-04-08 11:23:15,612 ] 248 django.request - WARNING - Not Found: /advertisers/user-details/font.css
[ 2025-04-08 11:23:42,025 ] 248 django.request - WARNING - Not Found: /font.css
[ 2025-04-08 11:36:18,356 ] 248 django.request - WARNING - Not Found: /font.css
[ 2025-04-08 11:36:19,715 ] 248 django.request - WARNING - Not Found: /font.css
