[ 2025-04-13 13:25:29,311 ] 248 django.request - WARNING - Not Found: /font.css
[ 2025-04-13 13:25:29,343 ] 248 django.request - WARNING - Not Found: /font.css
[ 2025-04-13 13:25:29,518 ] 248 django.request - WARNING - Not Found: /vite.svg
[ 2025-04-13 13:25:35,962 ] 248 django.request - WARNING - Not Found: /admin_panel/dashboard/font.css
[ 2025-04-13 13:25:40,448 ] 248 django.request - WARNING - Not Found: /font.css
[ 2025-04-13 13:25:45,234 ] 248 django.request - WARNING - Not Found: /font.css
[ 2025-04-13 13:25:50,174 ] 248 django.request - WARNING - Not Found: /posts/font.css
[ 2025-04-13 13:25:58,959 ] 248 django.request - WARNING - Not Found: /posts/font.css
[ 2025-04-13 13:26:24,412 ] 248 django.request - WARNING - Not Found: /posts/font.css
[ 2025-04-13 13:26:24,445 ] 248 django.request - WARNING - Not Found: /posts/font.css
[ 2025-04-13 13:28:01,780 ] 248 django.request - WARNING - Not Found: /posts/font.css
[ 2025-04-13 13:28:02,959 ] 248 django.request - WARNING - Not Found: /posts/font.css
[ 2025-04-13 13:28:03,662 ] 248 django.request - WARNING - Not Found: /posts/font.css
[ 2025-04-13 13:28:57,784 ] 248 django.request - WARNING - Not Found: /posts/font.css
[ 2025-04-13 13:28:59,425 ] 248 django.request - WARNING - Not Found: /posts/font.css
[ 2025-04-13 13:29:00,449 ] 248 django.request - WARNING - Not Found: /posts/font.css
[ 2025-04-13 13:29:01,543 ] 248 django.request - WARNING - Not Found: /posts/font.css
[ 2025-04-13 13:29:03,250 ] 248 django.request - WARNING - Not Found: /posts/font.css
[ 2025-04-13 13:29:04,883 ] 248 django.request - WARNING - Not Found: /posts/font.css
[ 2025-04-13 13:29:05,647 ] 248 django.request - WARNING - Not Found: /posts/font.css
[ 2025-04-13 13:29:08,553 ] 248 django.request - WARNING - Not Found: /posts/font.css
[ 2025-04-13 13:29:09,421 ] 248 django.request - WARNING - Not Found: /posts/font.css
[ 2025-04-13 13:29:15,151 ] 248 django.request - WARNING - Not Found: /posts/font.css
[ 2025-04-13 13:30:48,284 ] 248 django.request - WARNING - Not Found: /posts/font.css
[ 2025-04-13 13:30:49,857 ] 248 django.request - WARNING - Not Found: /posts/font.css
[ 2025-04-13 13:30:50,393 ] 248 django.request - WARNING - Not Found: /posts/font.css
[ 2025-04-13 13:34:21,300 ] 248 django.request - WARNING - Not Found: /posts/font.css
[ 2025-04-13 13:34:22,701 ] 248 django.request - WARNING - Not Found: /posts/font.css
[ 2025-04-13 13:34:24,019 ] 248 django.request - WARNING - Not Found: /posts/font.css
[ 2025-04-13 13:34:26,894 ] 248 django.request - WARNING - Not Found: /posts/font.css
[ 2025-04-13 13:34:27,926 ] 248 django.request - WARNING - Not Found: /posts/font.css
[ 2025-04-13 13:34:31,298 ] 248 django.request - WARNING - Not Found: /posts/font.css
[ 2025-04-13 13:34:32,092 ] 248 django.request - WARNING - Not Found: /posts/font.css
[ 2025-04-13 13:37:14,917 ] 248 django.request - WARNING - Not Found: /posts/font.css
[ 2025-04-13 13:37:16,164 ] 248 django.request - WARNING - Not Found: /posts/font.css
[ 2025-04-13 13:37:17,076 ] 248 django.request - WARNING - Not Found: /posts/font.css
[ 2025-04-13 13:37:20,684 ] 248 django.request - WARNING - Not Found: /posts/font.css
[ 2025-04-13 13:37:22,266 ] 248 django.request - WARNING - Not Found: /posts/font.css
[ 2025-04-13 13:37:23,228 ] 248 django.request - WARNING - Not Found: /posts/font.css
[ 2025-04-13 13:37:26,177 ] 248 django.request - WARNING - Not Found: /posts/font.css
[ 2025-04-13 13:37:26,812 ] 248 django.request - WARNING - Not Found: /posts/font.css
[ 2025-04-13 13:37:34,682 ] 248 django.request - WARNING - Not Found: /posts/post/7/font.css
[ 2025-04-13 13:39:36,121 ] 248 django.request - WARNING - Not Found: /posts/post/7/font.css
[ 2025-04-13 13:39:37,948 ] 248 django.request - WARNING - Not Found: /posts/post/7/font.css
[ 2025-04-13 13:39:53,689 ] 248 django.request - WARNING - Not Found: /posts/post/7/font.css
[ 2025-04-13 13:42:19,105 ] 248 django.request - WARNING - Not Found: /posts/post/7/font.css
[ 2025-04-13 13:42:37,949 ] 248 django.request - WARNING - Not Found: /posts/post/3/font.css
[ 2025-04-13 13:42:52,005 ] 248 django.request - WARNING - Not Found: /posts/post/3/font.css
[ 2025-04-13 13:43:23,279 ] 248 django.request - WARNING - Not Found: /posts/post/3/font.css
[ 2025-04-13 13:43:30,779 ] 248 django.request - WARNING - Not Found: /posts/post/3/font.css
[ 2025-04-13 13:46:45,410 ] 248 django.request - WARNING - Not Found: /posts/post/3/font.css
[ 2025-04-13 13:47:20,136 ] 248 django.request - WARNING - Not Found: /posts/post/3/font.css
[ 2025-04-13 13:47:32,252 ] 248 django.request - WARNING - Not Found: /posts/post/3/font.css
[ 2025-04-13 13:47:35,901 ] 248 django.request - WARNING - Not Found: /posts/post/3/font.css
