[ 2025-04-15 15:40:00,744 ] 248 django.request - WARNING - Not Found: /font.css
[ 2025-04-15 15:40:00,772 ] 248 django.request - WARNING - Not Found: /font.css
[ 2025-04-15 15:40:00,995 ] 248 django.request - WARNING - Not Found: /vite.svg
[ 2025-04-15 15:40:18,235 ] 248 django.request - WARNING - Not Found: /font.css
[ 2025-04-15 15:40:38,366 ] 248 django.request - WARNING - Not Found: /font.css
[ 2025-04-15 15:40:42,935 ] 248 django.request - WARNING - Not Found: /font.css
[ 2025-04-15 15:40:47,882 ] 248 django.request - WARNING - Not Found: /font.css
[ 2025-04-15 15:40:53,387 ] 248 django.request - WARNING - Not Found: /font.css
[ 2025-04-15 15:41:00,520 ] 248 django.request - WARNING - Not Found: /posts/font.css
[ 2025-04-15 15:41:03,714 ] 248 django.request - WARNING - Not Found: /posts/post/8/font.css
[ 2025-04-15 15:41:07,467 ] 248 django.request - WARNING - Not Found: /posts/post/7/font.css
[ 2025-04-15 15:41:17,512 ] 248 django.request - WARNING - Not Found: /posts/font.css
[ 2025-04-15 15:41:23,357 ] 248 django.request - WARNING - Not Found: /advertisers/ad-click/2/font.css
[ 2025-04-15 15:41:28,417 ] 248 django.request - WARNING - Not Found: /advertisers/ad-click/3/font.css
[ 2025-04-15 15:41:47,324 ] 248 django.request - WARNING - Not Found: /posts/font.css
[ 2025-04-15 15:41:50,140 ] 248 django.request - WARNING - Not Found: /font.css
[ 2025-04-15 15:42:12,585 ] 248 django.request - WARNING - Not Found: /font.css
[ 2025-04-15 15:42:16,293 ] 248 django.request - WARNING - Not Found: /advertisers/add-advertisement/font.css
[ 2025-04-15 15:42:17,803 ] 248 django.request - WARNING - Not Found: /advertisers/view-advertisements/font.css
[ 2025-04-15 15:42:19,213 ] 248 django.request - WARNING - Not Found: /advertisers/user-details/font.css
[ 2025-04-15 15:42:19,940 ] 248 django.request - WARNING - Not Found: /advertisers/view-advertisements/font.css
[ 2025-04-15 15:42:20,688 ] 248 django.request - WARNING - Not Found: /advertisers/user-details/font.css
[ 2025-04-15 15:42:23,863 ] 248 django.request - WARNING - Not Found: /font.css
[ 2025-04-15 15:42:27,546 ] 248 django.request - WARNING - Not Found: /advertisers/add-advertisement/font.css
[ 2025-04-15 15:42:28,932 ] 248 django.request - WARNING - Not Found: /advertisers/user-details/font.css
[ 2025-04-15 15:42:34,516 ] 248 django.request - WARNING - Not Found: /advertisers/view-advertisements/font.css
[ 2025-04-15 15:42:37,060 ] 248 django.request - WARNING - Not Found: /advertisers/user-details/font.css
[ 2025-04-15 15:43:07,573 ] 248 django.request - WARNING - Not Found: /advertisers/user-details/font.css
[ 2025-04-15 16:19:56,215 ] 248 django.request - WARNING - Not Found: /advertisers/user-details/font.css
