[ 2025-04-13 14:26:55,696 ] 248 django.request - WARNING - Not Found: /posts/font.css
[ 2025-04-13 14:26:56,742 ] 248 django.request - WARNING - Not Found: /posts/font.css
[ 2025-04-13 14:26:59,062 ] 248 django.request - WARNING - Not Found: /posts/post/7/font.css
[ 2025-04-13 14:28:20,255 ] 248 django.request - WARNING - Not Found: /posts/post/7/font.css
[ 2025-04-13 14:28:26,950 ] 248 django.request - WARNING - Not Found: /posts/post/7/font.css
[ 2025-04-13 14:28:43,503 ] 248 django.request - WARNING - Not Found: /font.css
[ 2025-04-13 14:28:47,425 ] 248 django.request - WARNING - Not Found: /font.css
[ 2025-04-13 14:28:51,247 ] 248 django.request - WARNING - Not Found: /font.css
[ 2025-04-13 14:28:55,971 ] 248 django.request - WARNING - Not Found: /font.css
[ 2025-04-13 14:29:00,189 ] 248 django.request - WARNING - Not Found: /register/font.css
[ 2025-04-13 14:33:08,399 ] 248 django.request - WARNING - Not Found: /advertisers/register/font.css
[ 2025-04-13 14:33:10,447 ] 248 django.request - WARNING - Not Found: /register/font.css
[ 2025-04-13 14:36:52,486 ] 248 django.request - WARNING - Not Found: /register/font.css
[ 2025-04-13 14:36:56,820 ] 248 django.request - WARNING - Not Found: /advertisers/register/font.css
[ 2025-04-13 14:36:59,506 ] 248 django.request - WARNING - Not Found: /register/font.css
[ 2025-04-13 14:37:25,993 ] 248 django.request - WARNING - Not Found: /register/font.css
[ 2025-04-13 14:37:54,779 ] 248 django.request - WARNING - Not Found: /register/font.css
[ 2025-04-13 14:41:51,063 ] 248 django.request - WARNING - Not Found: /register/font.css
[ 2025-04-13 14:41:52,296 ] 248 django.request - WARNING - Not Found: /register/font.css
[ 2025-04-13 14:41:57,395 ] 248 django.request - WARNING - Not Found: /advertisers/register/font.css
[ 2025-04-13 14:42:26,709 ] 248 django.request - WARNING - Not Found: /advertisers/register/font.css
[ 2025-04-13 14:42:41,945 ] 248 django.request - WARNING - Not Found: /advertisers/register/font.css
[ 2025-04-13 14:43:35,690 ] 248 django.request - WARNING - Not Found: /advertisers/register/font.css
[ 2025-04-13 14:43:36,788 ] 248 django.request - WARNING - Not Found: /advertisers/register/font.css
[ 2025-04-13 14:43:46,192 ] 248 django.request - WARNING - Not Found: /advertisers/register/font.css
[ 2025-04-13 14:43:56,437 ] 248 django.request - WARNING - Not Found: /advertisers/register/font.css
[ 2025-04-13 14:44:05,954 ] 248 django.request - WARNING - Not Found: /advertisers/register/font.css
[ 2025-04-13 14:44:13,011 ] 248 django.request - WARNING - Not Found: /advertisers/register/font.css
[ 2025-04-13 14:44:17,772 ] 248 django.request - WARNING - Not Found: /advertisers/register/font.css
[ 2025-04-13 14:44:36,175 ] 248 django.request - WARNING - Not Found: /advertisers/register/font.css
[ 2025-04-13 14:44:37,442 ] 248 django.request - WARNING - Not Found: /advertisers/register/font.css
[ 2025-04-13 14:46:38,041 ] 248 django.request - WARNING - Not Found: /advertisers/register/font.css
[ 2025-04-13 14:46:47,002 ] 248 django.request - WARNING - Not Found: /advertisers/register/font.css
[ 2025-04-13 14:46:50,889 ] 248 django.request - WARNING - Not Found: /advertisers/register/font.css
[ 2025-04-13 14:50:57,633 ] 248 django.request - WARNING - Not Found: /advertisers/register/font.css
[ 2025-04-13 14:51:07,762 ] 248 django.request - WARNING - Not Found: /advertisers/register/font.css
[ 2025-04-13 14:51:10,721 ] 248 django.request - WARNING - Not Found: /advertisers/register/font.css
[ 2025-04-13 14:51:10,850 ] 248 django.request - WARNING - Not Found: /advertisers/register/font.css
[ 2025-04-13 14:51:10,978 ] 248 django.request - WARNING - Not Found: /vite.svg
[ 2025-04-13 14:51:11,188 ] 248 django.request - WARNING - Not Found: /advertisers/register/font.css
[ 2025-04-13 14:51:11,306 ] 248 django.request - WARNING - Not Found: /advertisers/register/font.css
[ 2025-04-13 14:51:11,355 ] 248 django.request - WARNING - Not Found: /vite.svg
[ 2025-04-13 14:51:58,390 ] 248 django.request - WARNING - Not Found: /advertisers/register/font.css
[ 2025-04-13 14:53:34,129 ] 248 django.request - WARNING - Not Found: /advertisers/register/font.css
[ 2025-04-13 14:54:10,351 ] 248 django.request - WARNING - Not Found: /advertisers/register/font.css
[ 2025-04-13 14:54:18,321 ] 248 django.request - WARNING - Not Found: /advertisers/register/font.css
[ 2025-04-13 14:54:36,392 ] 248 django.request - WARNING - Not Found: /advertisers/register/font.css
[ 2025-04-13 14:55:32,770 ] 248 django.request - WARNING - Not Found: /advertisers/register/font.css
[ 2025-04-13 14:55:34,552 ] 248 django.request - WARNING - Not Found: /advertisers/register/font.css
[ 2025-04-13 14:56:33,876 ] 248 django.request - WARNING - Not Found: /advertisers/register/font.css
[ 2025-04-13 14:56:50,497 ] 248 django.request - WARNING - Not Found: /advertisers/register/font.css
[ 2025-04-13 14:57:06,455 ] 248 django.request - WARNING - Not Found: /advertisers/register/font.css
[ 2025-04-13 14:57:10,019 ] 248 django.request - WARNING - Not Found: /advertisers/register/font.css
[ 2025-04-13 15:00:16,654 ] 266 django.utils.autoreload - INFO - C:\Users\vivek\Desktop\Projects\Cyber Guardia\Cyber-Bullying-Detection\advertisers\forms.py changed, reloading.
