[ 2025-04-15 23:11:10,298 ] 248 django.request - WARNING - Not Found: /font.css
[ 2025-04-15 23:11:10,333 ] 248 django.request - WARNING - Not Found: /font.css
[ 2025-04-15 23:11:15,648 ] 248 django.request - WARNING - Not Found: /font.css
[ 2025-04-15 23:11:20,460 ] 248 django.request - WARNING - Not Found: /font.css
[ 2025-04-15 23:11:26,354 ] 248 django.request - WARNING - Not Found: /posts/font.css
[ 2025-04-15 23:11:27,737 ] 248 django.request - WARNING - Not Found: /posts/my-posts/19/font.css
[ 2025-04-15 23:11:29,149 ] 248 django.request - WARNING - Not Found: /posts/create/font.css
[ 2025-04-15 23:11:43,149 ] 248 django.request - WARNING - Not Found: /posts/font.css
[ 2025-04-15 23:11:55,748 ] 248 django.request - WARNING - Not Found: /posts/post/15/font.css
[ 2025-04-15 23:12:13,365 ] 248 django.request - WARNING - Not Found: /font.css
[ 2025-04-15 23:12:25,133 ] 248 django.request - WARNING - Not Found: /font.css
[ 2025-04-15 23:13:41,351 ] 248 django.request - WARNING - Not Found: /font.css
[ 2025-04-15 23:13:57,899 ] 248 django.request - WARNING - Not Found: /font.css
[ 2025-04-15 23:14:06,930 ] 248 django.request - WARNING - Not Found: /advertisers/add-advertisement/font.css
[ 2025-04-15 23:14:09,573 ] 248 django.request - WARNING - Not Found: /advertisers/view-advertisements/font.css
[ 2025-04-15 23:14:10,956 ] 248 django.request - WARNING - Not Found: /advertisers/user-details/font.css
[ 2025-04-15 23:14:12,252 ] 248 django.request - WARNING - Not Found: /advertisers/view-advertisements/font.css
[ 2025-04-15 23:14:13,451 ] 248 django.request - WARNING - Not Found: /advertisers/add-advertisement/font.css
[ 2025-04-15 23:14:14,669 ] 248 django.request - WARNING - Not Found: /advertisers/view-advertisements/font.css
[ 2025-04-15 23:14:21,332 ] 248 django.request - WARNING - Not Found: /advertisers/add-advertisement/font.css
[ 2025-04-15 23:15:36,177 ] 248 django.request - WARNING - Not Found: /advertisers/add-advertisement/font.css
[ 2025-04-15 23:15:40,158 ] 248 django.request - WARNING - Not Found: /advertisers/view-advertisements/font.css
[ 2025-04-15 23:15:42,031 ] 248 django.request - WARNING - Not Found: /advertisers/add-advertisement/font.css
[ 2025-04-15 23:15:43,162 ] 248 django.request - WARNING - Not Found: /advertisers/view-advertisements/font.css
[ 2025-04-15 23:15:46,893 ] 248 django.request - WARNING - Not Found: /advertisers/user-details/font.css
[ 2025-04-15 23:15:49,281 ] 248 django.request - WARNING - Not Found: /font.css
[ 2025-04-15 23:15:55,324 ] 248 django.request - WARNING - Not Found: /font.css
[ 2025-04-15 23:16:03,724 ] 248 django.request - WARNING - Not Found: /posts/font.css
