[ 2025-04-14 22:13:15,781 ] 248 django.request - WARNING - Not Found: /posts/my-posts/2/font.css
[ 2025-04-14 22:13:15,816 ] 248 django.request - WARNING - Not Found: /posts/my-posts/2/font.css
[ 2025-04-14 22:13:19,836 ] 248 django.request - WARNING - Not Found: /font.css
[ 2025-04-14 22:13:26,589 ] 248 django.request - WARNING - Not Found: /font.css
[ 2025-04-14 22:13:32,330 ] 248 django.request - WARNING - Not Found: /posts/font.css
[ 2025-04-14 22:13:33,771 ] 248 django.request - WARNING - Not Found: /posts/my-posts/2/font.css
[ 2025-04-14 22:14:01,037 ] 248 django.request - WARNING - Not Found: /posts/my-posts/2/font.css
[ 2025-04-14 22:14:01,722 ] 248 django.request - WARNING - Not Found: /posts/my-posts/2/font.css
[ 2025-04-14 22:14:01,936 ] 248 django.request - WARNING - Not Found: /vite.svg
[ 2025-04-14 22:14:04,906 ] 248 django.request - WARNING - Not Found: /font.css
[ 2025-04-14 22:14:09,846 ] 248 django.request - WARNING - Not Found: /font.css
[ 2025-04-14 22:14:13,963 ] 248 django.request - WARNING - Not Found: /font.css
[ 2025-04-14 22:14:18,555 ] 248 django.request - WARNING - Not Found: /posts/font.css
[ 2025-04-14 22:14:19,817 ] 248 django.request - WARNING - Not Found: /posts/create/font.css
[ 2025-04-14 22:14:29,069 ] 248 django.request - WARNING - Not Found: /posts/font.css
[ 2025-04-14 22:14:32,449 ] 248 django.request - WARNING - Not Found: /posts/my-posts/2/font.css
[ 2025-04-14 22:14:37,452 ] 248 django.request - WARNING - Not Found: /font.css
[ 2025-04-14 22:15:01,644 ] 248 django.request - WARNING - Not Found: /font.css
[ 2025-04-14 22:15:06,097 ] 248 django.request - WARNING - Not Found: /font.css
[ 2025-04-14 22:15:11,202 ] 248 django.request - WARNING - Not Found: /font.css
[ 2025-04-14 22:15:16,888 ] 248 django.request - WARNING - Not Found: /font.css
[ 2025-04-14 22:15:21,170 ] 248 django.request - WARNING - Not Found: /font.css
[ 2025-04-14 22:15:31,509 ] 248 django.request - WARNING - Not Found: /posts/font.css
[ 2025-04-14 22:15:33,852 ] 248 django.request - WARNING - Not Found: /posts/my-posts/2/font.css
[ 2025-04-14 22:15:36,937 ] 248 django.request - WARNING - Not Found: /font.css
[ 2025-04-14 22:15:43,474 ] 248 django.request - WARNING - Not Found: /posts/my-posts/2/font.css
[ 2025-04-14 22:15:46,619 ] 248 django.request - WARNING - Not Found: /font.css
[ 2025-04-14 22:15:49,410 ] 248 django.request - WARNING - Not Found: /posts/my-posts/2/font.css
[ 2025-04-14 22:16:17,947 ] 266 django.utils.autoreload - INFO - C:\Users\vivek\Desktop\Projects\Cyber Guardia\Cyber-Bullying-Detection\posts\views.py changed, reloading.
