[ 2025-04-13 23:18:53,611 ] 248 django.request - WARNING - Not Found: /admin_panel/abusive_comments/font.css
[ 2025-04-13 23:19:24,041 ] 248 django.request - ERROR - Internal Server Error: /admin_panel/abusive_comments/
Traceback (most recent call last):
  File "C:\Users\vivek\AppData\Local\Programs\Python\Python310\lib\site-packages\django\core\handlers\exception.py", line 55, in inner
    response = get_response(request)
  File "C:\Users\vivek\AppData\Local\Programs\Python\Python310\lib\site-packages\django\core\handlers\base.py", line 197, in _get_response
    response = wrapped_callback(request, *callback_args, **callback_kwargs)
  File "C:\Users\vivek\AppData\Local\Programs\Python\Python310\lib\site-packages\django\views\decorators\cache.py", line 80, in _view_wrapper
    response = view_func(request, *args, **kwargs)
  File "C:\Users\vivek\AppData\Local\Programs\Python\Python310\lib\site-packages\django\contrib\auth\decorators.py", line 60, in _view_wrapper
    return view_func(request, *args, **kwargs)
  File "C:\Users\vivek\AppData\Local\Programs\Python\Python310\lib\site-packages\django\contrib\auth\decorators.py", line 60, in _view_wrapper
    return view_func(request, *args, **kwargs)
  File "C:\Users\vivek\Desktop\Projects\Cyber Guardia\Cyber-Bullying-Detection\admin_panel\views.py", line 75, in abusive_comments
    return render(request, 'admin_panel/abusive_comments.html', {'flagged_comments': flagged_comments, 'reported_comments': reported_comments})
  File "C:\Users\vivek\AppData\Local\Programs\Python\Python310\lib\site-packages\django\shortcuts.py", line 25, in render
    content = loader.render_to_string(template_name, context, request, using=using)
  File "C:\Users\vivek\AppData\Local\Programs\Python\Python310\lib\site-packages\django\template\loader.py", line 61, in render_to_string
    template = get_template(template_name, using=using)
  File "C:\Users\vivek\AppData\Local\Programs\Python\Python310\lib\site-packages\django\template\loader.py", line 15, in get_template
    return engine.get_template(template_name)
  File "C:\Users\vivek\AppData\Local\Programs\Python\Python310\lib\site-packages\django\template\backends\django.py", line 79, in get_template
    return Template(self.engine.get_template(template_name), self)
  File "C:\Users\vivek\AppData\Local\Programs\Python\Python310\lib\site-packages\django\template\engine.py", line 177, in get_template
    template, origin = self.find_template(template_name)
  File "C:\Users\vivek\AppData\Local\Programs\Python\Python310\lib\site-packages\django\template\engine.py", line 159, in find_template
    template = loader.get_template(name, skip=skip)
  File "C:\Users\vivek\AppData\Local\Programs\Python\Python310\lib\site-packages\django\template\loaders\cached.py", line 57, in get_template
    template = super().get_template(template_name, skip)
  File "C:\Users\vivek\AppData\Local\Programs\Python\Python310\lib\site-packages\django\template\loaders\base.py", line 28, in get_template
    return Template(
  File "C:\Users\vivek\AppData\Local\Programs\Python\Python310\lib\site-packages\django\template\base.py", line 154, in __init__
    self.nodelist = self.compile_nodelist()
  File "C:\Users\vivek\AppData\Local\Programs\Python\Python310\lib\site-packages\django\template\base.py", line 196, in compile_nodelist
    nodelist = parser.parse()
  File "C:\Users\vivek\AppData\Local\Programs\Python\Python310\lib\site-packages\django\template\base.py", line 518, in parse
    raise self.error(token, e)
  File "C:\Users\vivek\AppData\Local\Programs\Python\Python310\lib\site-packages\django\template\base.py", line 516, in parse
    compiled_result = compile_func(self, token)
  File "C:\Users\vivek\AppData\Local\Programs\Python\Python310\lib\site-packages\django\template\loader_tags.py", line 295, in do_extends
    nodelist = parser.parse()
  File "C:\Users\vivek\AppData\Local\Programs\Python\Python310\lib\site-packages\django\template\base.py", line 518, in parse
    raise self.error(token, e)
  File "C:\Users\vivek\AppData\Local\Programs\Python\Python310\lib\site-packages\django\template\base.py", line 516, in parse
    compiled_result = compile_func(self, token)
  File "C:\Users\vivek\AppData\Local\Programs\Python\Python310\lib\site-packages\django\template\loader_tags.py", line 234, in do_block
    nodelist = parser.parse(("endblock",))
  File "C:\Users\vivek\AppData\Local\Programs\Python\Python310\lib\site-packages\django\template\base.py", line 518, in parse
    raise self.error(token, e)
  File "C:\Users\vivek\AppData\Local\Programs\Python\Python310\lib\site-packages\django\template\base.py", line 516, in parse
    compiled_result = compile_func(self, token)
  File "C:\Users\vivek\AppData\Local\Programs\Python\Python310\lib\site-packages\django\template\loader_tags.py", line 228, in do_block
    raise TemplateSyntaxError(
django.template.exceptions.TemplateSyntaxError: 'block' tag with name 'content' appears more than once
[ 2025-04-13 23:19:46,194 ] 248 django.request - WARNING - Not Found: /font.css
[ 2025-04-13 23:19:46,249 ] 248 django.request - WARNING - Not Found: /font.css
[ 2025-04-13 23:19:51,927 ] 248 django.request - WARNING - Not Found: /posts/font.css
[ 2025-04-13 23:19:54,180 ] 248 django.request - WARNING - Not Found: /posts/post/7/font.css
[ 2025-04-13 23:20:11,297 ] 248 django.request - WARNING - Not Found: /posts/post/7/font.css
[ 2025-04-13 23:20:18,049 ] 248 django.request - WARNING - Not Found: /font.css
[ 2025-04-13 23:20:23,205 ] 248 django.request - WARNING - Not Found: /font.css
[ 2025-04-13 23:20:29,635 ] 248 django.request - WARNING - Not Found: /font.css
[ 2025-04-13 23:20:32,763 ] 248 django.request - WARNING - Not Found: /register/font.css
[ 2025-04-13 23:21:02,914 ] 248 django.request - WARNING - Not Found: /register/font.css
[ 2025-04-13 23:21:31,701 ] 248 django.request - WARNING - Not Found: /font.css
[ 2025-04-13 23:21:39,485 ] 248 django.request - WARNING - Not Found: /posts/font.css
[ 2025-04-13 23:21:42,368 ] 248 django.request - WARNING - Not Found: /posts/post/7/font.css
[ 2025-04-13 23:24:25,189 ] 248 django.request - WARNING - Not Found: /posts/font.css
[ 2025-04-13 23:24:25,981 ] 248 django.request - WARNING - Not Found: /posts/font.css
[ 2025-04-13 23:24:28,522 ] 248 django.request - WARNING - Not Found: /posts/post/7/font.css
[ 2025-04-13 23:24:29,762 ] 248 django.request - WARNING - Not Found: /posts/font.css
[ 2025-04-13 23:24:31,429 ] 248 django.request - WARNING - Not Found: /posts/post/7/font.css
[ 2025-04-13 23:24:33,421 ] 248 django.request - WARNING - Not Found: /posts/post/7/font.css
[ 2025-04-13 23:24:35,171 ] 248 django.request - WARNING - Not Found: /posts/font.css
[ 2025-04-13 23:24:38,176 ] 248 django.request - WARNING - Not Found: /posts/post/7/font.css
[ 2025-04-13 23:24:49,950 ] 248 django.request - WARNING - Not Found: /posts/post/7/font.css
[ 2025-04-13 23:28:09,247 ] 248 django.request - WARNING - Not Found: /posts/post/7/font.css
[ 2025-04-13 23:28:17,899 ] 248 django.request - WARNING - Not Found: /posts/post/7/font.css
[ 2025-04-13 23:30:55,370 ] 248 django.request - WARNING - Not Found: /posts/post/7/font.css
[ 2025-04-13 23:32:11,033 ] 248 django.request - WARNING - Not Found: /posts/post/7/font.css
[ 2025-04-13 23:32:26,527 ] 248 django.request - WARNING - Not Found: /posts/post/7/font.css
