[ 2025-04-18 15:57:13,945 ] 248 django.request - WARNING - Not Found: /posts/post/16/edit/font.css
[ 2025-04-18 15:57:16,144 ] 248 django.request - WARNING - Not Found: /posts/post/16/edit/font.css
[ 2025-04-18 15:57:17,482 ] 248 django.request - WARNING - Not Found: /posts/create/font.css
[ 2025-04-18 15:57:25,039 ] 248 django.request - WARNING - Not Found: /posts/font.css
[ 2025-04-18 15:57:27,090 ] 248 django.request - WARNING - Not Found: /posts/my-posts/19/font.css
[ 2025-04-18 15:57:34,921 ] 248 django.request - WARNING - Not Found: /posts/post/16/edit/font.css
[ 2025-04-18 15:57:38,774 ] 248 django.request - WARNING - Not Found: /posts/post/17/edit/font.css
[ 2025-04-18 15:58:36,439 ] 248 django.request - WARNING - Not Found: /favicon.ico
[ 2025-04-18 15:58:43,109 ] 248 django.request - WARNING - Not Found: /posts/create/font.css
[ 2025-04-18 15:59:03,247 ] 248 django.request - WARNING - Not Found: /posts/font.css
[ 2025-04-18 15:59:21,613 ] 248 django.request - WARNING - Not Found: /posts/my-posts/19/font.css
[ 2025-04-18 15:59:24,153 ] 248 django.request - WARNING - Not Found: /posts/post/18/edit/font.css
[ 2025-04-18 15:59:42,497 ] 248 django.request - WARNING - Not Found: /posts/post/18/edit/font.css
[ 2025-04-18 15:59:46,779 ] 248 django.request - WARNING - Not Found: /posts/my-posts/19/font.css
[ 2025-04-18 15:59:49,865 ] 248 django.request - WARNING - Not Found: /posts/post/18/edit/font.css
[ 2025-04-18 15:59:56,234 ] 248 django.request - WARNING - Not Found: /posts/my-posts/19/font.css
[ 2025-04-18 15:59:58,529 ] 248 django.request - WARNING - Not Found: /posts/post/18/edit/font.css
[ 2025-04-18 16:00:04,737 ] 248 django.request - WARNING - Not Found: /posts/my-posts/19/font.css
[ 2025-04-18 16:00:07,268 ] 248 django.request - WARNING - Not Found: /posts/post/18/edit/font.css
[ 2025-04-18 16:00:11,196 ] 248 django.request - WARNING - Not Found: /posts/my-posts/19/font.css
[ 2025-04-18 16:00:13,260 ] 248 django.request - WARNING - Not Found: /posts/my-posts/19/font.css
[ 2025-04-18 16:00:19,909 ] 248 django.request - WARNING - Not Found: /posts/font.css
[ 2025-04-18 16:00:23,851 ] 248 django.request - WARNING - Not Found: /font.css
