[ 2025-04-14 22:08:11,148 ] 248 django.request - WARNING - Not Found: /font.css
[ 2025-04-14 22:08:15,684 ] 248 django.request - WARNING - Not Found: /posts/font.css
[ 2025-04-14 22:08:17,018 ] 248 django.request - ERROR - Internal Server Error: /posts/my-posts/2/
Traceback (most recent call last):
  File "C:\Users\vivek\AppData\Local\Programs\Python\Python310\lib\site-packages\django\core\handlers\exception.py", line 55, in inner
    response = get_response(request)
  File "C:\Users\vivek\AppData\Local\Programs\Python\Python310\lib\site-packages\django\core\handlers\base.py", line 197, in _get_response
    response = wrapped_callback(request, *callback_args, **callback_kwargs)
  File "C:\Users\vivek\AppData\Local\Programs\Python\Python310\lib\site-packages\django\contrib\auth\decorators.py", line 60, in _view_wrapper
    return view_func(request, *args, **kwargs)
  File "C:\Users\vivek\Desktop\Projects\Cyber Guardia\Cyber-Bullying-Detection\posts\views.py", line 102, in my_posts
    return render(request, 'posts/my_posts.html', {'my_posts':my_posts})
  File "C:\Users\vivek\AppData\Local\Programs\Python\Python310\lib\site-packages\django\shortcuts.py", line 25, in render
    content = loader.render_to_string(template_name, context, request, using=using)
  File "C:\Users\vivek\AppData\Local\Programs\Python\Python310\lib\site-packages\django\template\loader.py", line 62, in render_to_string
    return template.render(context, request)
  File "C:\Users\vivek\AppData\Local\Programs\Python\Python310\lib\site-packages\django\template\backends\django.py", line 107, in render
    return self.template.render(context)
  File "C:\Users\vivek\AppData\Local\Programs\Python\Python310\lib\site-packages\django\template\base.py", line 171, in render
    return self._render(context)
  File "C:\Users\vivek\AppData\Local\Programs\Python\Python310\lib\site-packages\django\template\base.py", line 163, in _render
    return self.nodelist.render(context)
  File "C:\Users\vivek\AppData\Local\Programs\Python\Python310\lib\site-packages\django\template\base.py", line 1008, in render
    return SafeString("".join([node.render_annotated(context) for node in self]))
  File "C:\Users\vivek\AppData\Local\Programs\Python\Python310\lib\site-packages\django\template\base.py", line 1008, in <listcomp>
    return SafeString("".join([node.render_annotated(context) for node in self]))
  File "C:\Users\vivek\AppData\Local\Programs\Python\Python310\lib\site-packages\django\template\base.py", line 969, in render_annotated
    return self.render(context)
  File "C:\Users\vivek\AppData\Local\Programs\Python\Python310\lib\site-packages\django\template\loader_tags.py", line 159, in render
    return compiled_parent._render(context)
  File "C:\Users\vivek\AppData\Local\Programs\Python\Python310\lib\site-packages\django\template\base.py", line 163, in _render
    return self.nodelist.render(context)
  File "C:\Users\vivek\AppData\Local\Programs\Python\Python310\lib\site-packages\django\template\base.py", line 1008, in render
    return SafeString("".join([node.render_annotated(context) for node in self]))
  File "C:\Users\vivek\AppData\Local\Programs\Python\Python310\lib\site-packages\django\template\base.py", line 1008, in <listcomp>
    return SafeString("".join([node.render_annotated(context) for node in self]))
  File "C:\Users\vivek\AppData\Local\Programs\Python\Python310\lib\site-packages\django\template\base.py", line 969, in render_annotated
    return self.render(context)
  File "C:\Users\vivek\AppData\Local\Programs\Python\Python310\lib\site-packages\django\template\loader_tags.py", line 65, in render
    result = block.nodelist.render(context)
  File "C:\Users\vivek\AppData\Local\Programs\Python\Python310\lib\site-packages\django\template\base.py", line 1008, in render
    return SafeString("".join([node.render_annotated(context) for node in self]))
  File "C:\Users\vivek\AppData\Local\Programs\Python\Python310\lib\site-packages\django\template\base.py", line 1008, in <listcomp>
    return SafeString("".join([node.render_annotated(context) for node in self]))
  File "C:\Users\vivek\AppData\Local\Programs\Python\Python310\lib\site-packages\django\template\base.py", line 969, in render_annotated
    return self.render(context)
  File "C:\Users\vivek\AppData\Local\Programs\Python\Python310\lib\site-packages\django\template\defaulttags.py", line 327, in render
    return nodelist.render(context)
  File "C:\Users\vivek\AppData\Local\Programs\Python\Python310\lib\site-packages\django\template\base.py", line 1008, in render
    return SafeString("".join([node.render_annotated(context) for node in self]))
  File "C:\Users\vivek\AppData\Local\Programs\Python\Python310\lib\site-packages\django\template\base.py", line 1008, in <listcomp>
    return SafeString("".join([node.render_annotated(context) for node in self]))
  File "C:\Users\vivek\AppData\Local\Programs\Python\Python310\lib\site-packages\django\template\base.py", line 969, in render_annotated
    return self.render(context)
  File "C:\Users\vivek\AppData\Local\Programs\Python\Python310\lib\site-packages\django\template\defaulttags.py", line 243, in render
    nodelist.append(node.render_annotated(context))
  File "C:\Users\vivek\AppData\Local\Programs\Python\Python310\lib\site-packages\django\template\base.py", line 969, in render_annotated
    return self.render(context)
  File "C:\Users\vivek\AppData\Local\Programs\Python\Python310\lib\site-packages\django\template\defaulttags.py", line 480, in render
    url = reverse(view_name, args=args, kwargs=kwargs, current_app=current_app)
  File "C:\Users\vivek\AppData\Local\Programs\Python\Python310\lib\site-packages\django\urls\base.py", line 88, in reverse
    return resolver._reverse_with_prefix(view, prefix, *args, **kwargs)
  File "C:\Users\vivek\AppData\Local\Programs\Python\Python310\lib\site-packages\django\urls\resolvers.py", line 831, in _reverse_with_prefix
    raise NoReverseMatch(msg)
django.urls.exceptions.NoReverseMatch: Reverse for 'edit_post' not found. 'edit_post' is not a valid view function or pattern name.
[ 2025-04-14 22:08:25,538 ] 248 django.request - WARNING - Not Found: /posts/my-posts/2/font.css
[ 2025-04-14 22:08:28,127 ] 248 django.request - WARNING - Not Found: /font.css
[ 2025-04-14 22:10:00,133 ] 266 django.utils.autoreload - INFO - C:\Users\vivek\Desktop\Projects\Cyber Guardia\Cyber-Bullying-Detection\posts\urls.py changed, reloading.
